{"/home/rsalesc/Dev/jude/src/bulma/store/main.js":{"path":"/home/rsalesc/Dev/jude/src/bulma/store/main.js","statementMap":{"0":{"start":{"line":3,"column":0},"end":{"line":5,"column":3}},"1":{"start":{"line":6,"column":0},"end":{"line":6,"column":117}},"2":{"start":{"line":8,"column":19},"end":{"line":8,"column":55}},"3":{"start":{"line":10,"column":20},"end":{"line":10,"column":56}},"4":{"start":{"line":12,"column":15},"end":{"line":12,"column":55}},"5":{"start":{"line":14,"column":16},"end":{"line":14,"column":48}},"6":{"start":{"line":16,"column":22},"end":{"line":16,"column":68}},"7":{"start":{"line":18,"column":22},"end":{"line":18,"column":61}},"8":{"start":{"line":20,"column":25},"end":{"line":20,"column":74}},"9":{"start":{"line":22,"column":25},"end":{"line":22,"column":67}},"10":{"start":{"line":24,"column":20},"end":{"line":24,"column":65}},"11":{"start":{"line":26,"column":20},"end":{"line":26,"column":57}},"12":{"start":{"line":28,"column":16},"end":{"line":28,"column":56}},"13":{"start":{"line":30,"column":16},"end":{"line":30,"column":49}},"14":{"start":{"line":32,"column":12},"end":{"line":32,"column":56}},"15":{"start":{"line":34,"column":13},"end":{"line":34,"column":42}},"16":{"start":{"line":36,"column":23},"end":{"line":36,"column":70}},"17":{"start":{"line":38,"column":23},"end":{"line":38,"column":63}},"18":{"start":{"line":42,"column":11},"end":{"line":42,"column":25}},"19":{"start":{"line":44,"column":12},"end":{"line":44,"column":40}},"20":{"start":{"line":46,"column":11},"end":{"line":46,"column":28}},"21":{"start":{"line":48,"column":10},"end":{"line":48,"column":39}},"22":{"start":{"line":50,"column":15},"end":{"line":50,"column":36}},"23":{"start":{"line":52,"column":13},"end":{"line":52,"column":46}},"24":{"start":{"line":54,"column":40},"end":{"line":54,"column":267}},"25":{"start":{"line":54,"column":69},"end":{"line":54,"column":80}},"26":{"start":{"line":54,"column":103},"end":{"line":54,"column":105}},"27":{"start":{"line":54,"column":107},"end":{"line":54,"column":228}},"28":{"start":{"line":54,"column":126},"end":{"line":54,"column":226}},"29":{"start":{"line":54,"column":149},"end":{"line":54,"column":224}},"30":{"start":{"line":54,"column":201},"end":{"line":54,"column":224}},"31":{"start":{"line":54,"column":229},"end":{"line":54,"column":250}},"32":{"start":{"line":54,"column":251},"end":{"line":54,"column":265}},"33":{"start":{"line":56,"column":39},"end":{"line":56,"column":93}},"34":{"start":{"line":58,"column":12},"end":{"line":67,"column":1}},"35":{"start":{"line":69,"column":12},"end":{"line":82,"column":1}},"36":{"start":{"line":84,"column":16},"end":{"line":101,"column":15}},"37":{"start":{"line":85,"column":2},"end":{"line":85,"column":26}},"38":{"start":{"line":86,"column":2},"end":{"line":86,"column":37}},"39":{"start":{"line":87,"column":2},"end":{"line":87,"column":34}},"40":{"start":{"line":88,"column":2},"end":{"line":88,"column":30}},"41":{"start":{"line":89,"column":2},"end":{"line":89,"column":42}},"42":{"start":{"line":91,"column":2},"end":{"line":91,"column":37}},"43":{"start":{"line":92,"column":2},"end":{"line":92,"column":32}},"44":{"start":{"line":94,"column":2},"end":{"line":94,"column":33}},"45":{"start":{"line":96,"column":2},"end":{"line":96,"column":42}},"46":{"start":{"line":98,"column":2},"end":{"line":98,"column":36}},"47":{"start":{"line":100,"column":2},"end":{"line":100,"column":40}},"48":{"start":{"line":103,"column":15},"end":{"line":289,"column":1}},"49":{"start":{"line":105,"column":18},"end":{"line":105,"column":34}},"50":{"start":{"line":106,"column":13},"end":{"line":106,"column":23}},"51":{"start":{"line":108,"column":4},"end":{"line":108,"column":56}},"52":{"start":{"line":108,"column":46},"end":{"line":108,"column":56}},"53":{"start":{"line":109,"column":19},"end":{"line":109,"column":66}},"54":{"start":{"line":111,"column":16},"end":{"line":136,"column":5}},"55":{"start":{"line":112,"column":17},"end":{"line":112,"column":28}},"56":{"start":{"line":114,"column":17},"end":{"line":116,"column":8}},"57":{"start":{"line":115,"column":8},"end":{"line":115,"column":46}},"58":{"start":{"line":118,"column":25},"end":{"line":118,"column":62}},"59":{"start":{"line":119,"column":20},"end":{"line":119,"column":52}},"60":{"start":{"line":120,"column":23},"end":{"line":120,"column":48}},"61":{"start":{"line":122,"column":19},"end":{"line":122,"column":45}},"62":{"start":{"line":123,"column":22},"end":{"line":123,"column":51}},"63":{"start":{"line":124,"column":19},"end":{"line":124,"column":35}},"64":{"start":{"line":126,"column":20},"end":{"line":132,"column":19}},"65":{"start":{"line":127,"column":8},"end":{"line":131,"column":22}},"66":{"start":{"line":128,"column":10},"end":{"line":128,"column":30}},"67":{"start":{"line":130,"column":10},"end":{"line":130,"column":45}},"68":{"start":{"line":134,"column":6},"end":{"line":135,"column":10}},"69":{"start":{"line":138,"column":4},"end":{"line":140,"column":5}},"70":{"start":{"line":139,"column":6},"end":{"line":139,"column":15}},"71":{"start":{"line":142,"column":4},"end":{"line":142,"column":20}},"72":{"start":{"line":145,"column":4},"end":{"line":145,"column":120}},"73":{"start":{"line":145,"column":93},"end":{"line":145,"column":120}},"74":{"start":{"line":146,"column":23},"end":{"line":146,"column":81}},"75":{"start":{"line":147,"column":18},"end":{"line":147,"column":71}},"76":{"start":{"line":149,"column":22},"end":{"line":151,"column":6}},"77":{"start":{"line":150,"column":6},"end":{"line":150,"column":39}},"78":{"start":{"line":153,"column":4},"end":{"line":153,"column":125}},"79":{"start":{"line":156,"column":18},"end":{"line":156,"column":34}},"80":{"start":{"line":157,"column":4},"end":{"line":157,"column":41}},"81":{"start":{"line":157,"column":31},"end":{"line":157,"column":41}},"82":{"start":{"line":159,"column":22},"end":{"line":159,"column":73}},"83":{"start":{"line":160,"column":4},"end":{"line":160,"column":65}},"84":{"start":{"line":160,"column":55},"end":{"line":160,"column":65}},"85":{"start":{"line":162,"column":4},"end":{"line":176,"column":5}},"86":{"start":{"line":163,"column":16},"end":{"line":163,"column":30}},"87":{"start":{"line":164,"column":26},"end":{"line":164,"column":43}},"88":{"start":{"line":166,"column":20},"end":{"line":166,"column":54}},"89":{"start":{"line":167,"column":6},"end":{"line":170,"column":7}},"90":{"start":{"line":169,"column":8},"end":{"line":169,"column":17}},"91":{"start":{"line":172,"column":20},"end":{"line":172,"column":55}},"92":{"start":{"line":173,"column":18},"end":{"line":173,"column":43}},"93":{"start":{"line":175,"column":6},"end":{"line":175,"column":121}},"94":{"start":{"line":178,"column":4},"end":{"line":180,"column":7}},"95":{"start":{"line":179,"column":6},"end":{"line":179,"column":69}},"96":{"start":{"line":183,"column":22},"end":{"line":183,"column":41}},"97":{"start":{"line":184,"column":4},"end":{"line":184,"column":32}},"98":{"start":{"line":184,"column":22},"end":{"line":184,"column":32}},"99":{"start":{"line":186,"column":14},"end":{"line":186,"column":16}},"100":{"start":{"line":187,"column":36},"end":{"line":187,"column":40}},"101":{"start":{"line":188,"column":28},"end":{"line":188,"column":33}},"102":{"start":{"line":189,"column":25},"end":{"line":189,"column":34}},"103":{"start":{"line":191,"column":4},"end":{"line":210,"column":5}},"104":{"start":{"line":192,"column":6},"end":{"line":196,"column":7}},"105":{"start":{"line":193,"column":18},"end":{"line":193,"column":29}},"106":{"start":{"line":195,"column":8},"end":{"line":195,"column":106}},"107":{"start":{"line":195,"column":47},"end":{"line":195,"column":73}},"108":{"start":{"line":195,"column":78},"end":{"line":195,"column":106}},"109":{"start":{"line":198,"column":6},"end":{"line":198,"column":31}},"110":{"start":{"line":199,"column":6},"end":{"line":199,"column":27}},"111":{"start":{"line":201,"column":6},"end":{"line":209,"column":7}},"112":{"start":{"line":202,"column":8},"end":{"line":204,"column":9}},"113":{"start":{"line":203,"column":10},"end":{"line":203,"column":29}},"114":{"start":{"line":206,"column":8},"end":{"line":208,"column":9}},"115":{"start":{"line":207,"column":10},"end":{"line":207,"column":31}},"116":{"start":{"line":212,"column":4},"end":{"line":212,"column":15}},"117":{"start":{"line":215,"column":13},"end":{"line":215,"column":23}},"118":{"start":{"line":216,"column":19},"end":{"line":216,"column":35}},"119":{"start":{"line":218,"column":4},"end":{"line":218,"column":35}},"120":{"start":{"line":218,"column":25},"end":{"line":218,"column":35}},"121":{"start":{"line":219,"column":16},"end":{"line":219,"column":61}},"122":{"start":{"line":221,"column":4},"end":{"line":221,"column":106}},"123":{"start":{"line":221,"column":96},"end":{"line":221,"column":106}},"124":{"start":{"line":222,"column":22},"end":{"line":222,"column":41}},"125":{"start":{"line":224,"column":4},"end":{"line":264,"column":5}},"126":{"start":{"line":225,"column":20},"end":{"line":225,"column":22}},"127":{"start":{"line":226,"column":16},"end":{"line":226,"column":18}},"128":{"start":{"line":228,"column":39},"end":{"line":228,"column":43}},"129":{"start":{"line":229,"column":31},"end":{"line":229,"column":36}},"130":{"start":{"line":230,"column":28},"end":{"line":230,"column":37}},"131":{"start":{"line":232,"column":6},"end":{"line":259,"column":7}},"132":{"start":{"line":233,"column":21},"end":{"line":241,"column":9}},"133":{"start":{"line":234,"column":21},"end":{"line":234,"column":33}},"134":{"start":{"line":236,"column":21},"end":{"line":238,"column":12}},"135":{"start":{"line":237,"column":12},"end":{"line":237,"column":50}},"136":{"start":{"line":239,"column":10},"end":{"line":239,"column":69}},"137":{"start":{"line":240,"column":10},"end":{"line":240,"column":46}},"138":{"start":{"line":243,"column":8},"end":{"line":245,"column":9}},"139":{"start":{"line":244,"column":10},"end":{"line":244,"column":19}},"140":{"start":{"line":247,"column":8},"end":{"line":247,"column":34}},"141":{"start":{"line":248,"column":8},"end":{"line":248,"column":30}},"142":{"start":{"line":250,"column":8},"end":{"line":258,"column":9}},"143":{"start":{"line":251,"column":10},"end":{"line":253,"column":11}},"144":{"start":{"line":252,"column":12},"end":{"line":252,"column":32}},"145":{"start":{"line":255,"column":10},"end":{"line":257,"column":11}},"146":{"start":{"line":256,"column":12},"end":{"line":256,"column":34}},"147":{"start":{"line":261,"column":19},"end":{"line":261,"column":59}},"148":{"start":{"line":262,"column":6},"end":{"line":263,"column":10}},"149":{"start":{"line":266,"column":4},"end":{"line":269,"column":7}},"150":{"start":{"line":267,"column":6},"end":{"line":267,"column":88}},"151":{"start":{"line":267,"column":45},"end":{"line":267,"column":88}},"152":{"start":{"line":268,"column":6},"end":{"line":268,"column":45}},"153":{"start":{"line":271,"column":15},"end":{"line":271,"column":17}},"154":{"start":{"line":272,"column":20},"end":{"line":272,"column":21}},"155":{"start":{"line":274,"column":4},"end":{"line":281,"column":5}},"156":{"start":{"line":275,"column":6},"end":{"line":280,"column":7}},"157":{"start":{"line":276,"column":8},"end":{"line":276,"column":20}},"158":{"start":{"line":277,"column":8},"end":{"line":277,"column":121}},"159":{"start":{"line":277,"column":25},"end":{"line":277,"column":121}},"160":{"start":{"line":278,"column":8},"end":{"line":278,"column":228}},"161":{"start":{"line":278,"column":139},"end":{"line":278,"column":228}},"162":{"start":{"line":279,"column":8},"end":{"line":279,"column":18}},"163":{"start":{"line":283,"column":4},"end":{"line":283,"column":17}},"164":{"start":{"line":286,"column":4},"end":{"line":286,"column":68}},"165":{"start":{"line":286,"column":58},"end":{"line":286,"column":68}},"166":{"start":{"line":287,"column":4},"end":{"line":287,"column":38}},"167":{"start":{"line":291,"column":14},"end":{"line":324,"column":1}},"168":{"start":{"line":293,"column":4},"end":{"line":322,"column":6}},"169":{"start":{"line":294,"column":6},"end":{"line":294,"column":46}},"170":{"start":{"line":294,"column":29},"end":{"line":294,"column":46}},"171":{"start":{"line":296,"column":39},"end":{"line":296,"column":43}},"172":{"start":{"line":297,"column":31},"end":{"line":297,"column":36}},"173":{"start":{"line":298,"column":28},"end":{"line":298,"column":37}},"174":{"start":{"line":300,"column":6},"end":{"line":319,"column":7}},"175":{"start":{"line":301,"column":8},"end":{"line":305,"column":9}},"176":{"start":{"line":302,"column":22},"end":{"line":302,"column":34}},"177":{"start":{"line":304,"column":10},"end":{"line":304,"column":53}},"178":{"start":{"line":304,"column":40},"end":{"line":304,"column":53}},"179":{"start":{"line":307,"column":8},"end":{"line":307,"column":34}},"180":{"start":{"line":308,"column":8},"end":{"line":308,"column":30}},"181":{"start":{"line":310,"column":8},"end":{"line":318,"column":9}},"182":{"start":{"line":311,"column":10},"end":{"line":313,"column":11}},"183":{"start":{"line":312,"column":12},"end":{"line":312,"column":32}},"184":{"start":{"line":315,"column":10},"end":{"line":317,"column":11}},"185":{"start":{"line":316,"column":12},"end":{"line":316,"column":34}},"186":{"start":{"line":321,"column":6},"end":{"line":321,"column":18}},"187":{"start":{"line":326,"column":14},"end":{"line":420,"column":13}},"188":{"start":{"line":327,"column":14},"end":{"line":327,"column":18}},"189":{"start":{"line":329,"column":2},"end":{"line":374,"column":8}},"190":{"start":{"line":332,"column":4},"end":{"line":373,"column":34}},"191":{"start":{"line":333,"column":6},"end":{"line":372,"column":7}},"192":{"start":{"line":334,"column":8},"end":{"line":371,"column":9}},"193":{"start":{"line":336,"column":12},"end":{"line":336,"column":30}},"194":{"start":{"line":337,"column":12},"end":{"line":337,"column":30}},"195":{"start":{"line":338,"column":12},"end":{"line":338,"column":85}},"196":{"start":{"line":341,"column":12},"end":{"line":341,"column":33}},"197":{"start":{"line":342,"column":12},"end":{"line":342,"column":58}},"198":{"start":{"line":343,"column":12},"end":{"line":343,"column":37}},"199":{"start":{"line":344,"column":12},"end":{"line":344,"column":41}},"200":{"start":{"line":347,"column":12},"end":{"line":347,"column":126}},"201":{"start":{"line":348,"column":12},"end":{"line":348,"column":31}},"202":{"start":{"line":349,"column":12},"end":{"line":349,"column":18}},"203":{"start":{"line":352,"column":12},"end":{"line":352,"column":31}},"204":{"start":{"line":353,"column":12},"end":{"line":353,"column":47}},"205":{"start":{"line":355,"column":12},"end":{"line":358,"column":13}},"206":{"start":{"line":356,"column":14},"end":{"line":356,"column":33}},"207":{"start":{"line":357,"column":14},"end":{"line":357,"column":20}},"208":{"start":{"line":360,"column":12},"end":{"line":360,"column":52}},"209":{"start":{"line":363,"column":12},"end":{"line":363,"column":30}},"210":{"start":{"line":366,"column":12},"end":{"line":366,"column":51}},"211":{"start":{"line":370,"column":12},"end":{"line":370,"column":35}},"212":{"start":{"line":376,"column":15},"end":{"line":376,"column":19}},"213":{"start":{"line":378,"column":2},"end":{"line":419,"column":8}},"214":{"start":{"line":380,"column":4},"end":{"line":418,"column":35}},"215":{"start":{"line":381,"column":6},"end":{"line":417,"column":7}},"216":{"start":{"line":382,"column":8},"end":{"line":416,"column":9}},"217":{"start":{"line":384,"column":12},"end":{"line":384,"column":31}},"218":{"start":{"line":385,"column":12},"end":{"line":385,"column":31}},"219":{"start":{"line":386,"column":12},"end":{"line":386,"column":60}},"220":{"start":{"line":389,"column":12},"end":{"line":389,"column":33}},"221":{"start":{"line":392,"column":12},"end":{"line":392,"column":68}},"222":{"start":{"line":393,"column":12},"end":{"line":393,"column":32}},"223":{"start":{"line":394,"column":12},"end":{"line":394,"column":18}},"224":{"start":{"line":397,"column":12},"end":{"line":397,"column":31}},"225":{"start":{"line":398,"column":12},"end":{"line":398,"column":49}},"226":{"start":{"line":400,"column":12},"end":{"line":403,"column":13}},"227":{"start":{"line":401,"column":14},"end":{"line":401,"column":34}},"228":{"start":{"line":402,"column":14},"end":{"line":402,"column":20}},"229":{"start":{"line":405,"column":12},"end":{"line":405,"column":53}},"230":{"start":{"line":408,"column":12},"end":{"line":408,"column":31}},"231":{"start":{"line":411,"column":12},"end":{"line":411,"column":52}},"232":{"start":{"line":415,"column":12},"end":{"line":415,"column":36}}},"fnMap":{"0":{"name":"_interopRequireWildcard","decl":{"start":{"line":54,"column":9},"end":{"line":54,"column":32}},"loc":{"start":{"line":54,"column":38},"end":{"line":54,"column":269}},"line":54},"1":{"name":"_interopRequireDefault","decl":{"start":{"line":56,"column":9},"end":{"line":56,"column":31}},"loc":{"start":{"line":56,"column":37},"end":{"line":56,"column":95}},"line":56},"2":{"name":"(anonymous_2)","decl":{"start":{"line":84,"column":123},"end":{"line":84,"column":124}},"loc":{"start":{"line":84,"column":146},"end":{"line":90,"column":1}},"line":84},"3":{"name":"(anonymous_3)","decl":{"start":{"line":90,"column":77},"end":{"line":90,"column":78}},"loc":{"start":{"line":90,"column":106},"end":{"line":93,"column":1}},"line":90},"4":{"name":"(anonymous_4)","decl":{"start":{"line":93,"column":73},"end":{"line":93,"column":74}},"loc":{"start":{"line":93,"column":90},"end":{"line":95,"column":1}},"line":93},"5":{"name":"(anonymous_5)","decl":{"start":{"line":95,"column":78},"end":{"line":95,"column":79}},"loc":{"start":{"line":95,"column":102},"end":{"line":97,"column":1}},"line":95},"6":{"name":"(anonymous_6)","decl":{"start":{"line":97,"column":71},"end":{"line":97,"column":72}},"loc":{"start":{"line":97,"column":95},"end":{"line":99,"column":1}},"line":97},"7":{"name":"(anonymous_7)","decl":{"start":{"line":99,"column":75},"end":{"line":99,"column":76}},"loc":{"start":{"line":99,"column":99},"end":{"line":101,"column":1}},"line":99},"8":{"name":"problems","decl":{"start":{"line":104,"column":21},"end":{"line":104,"column":29}},"loc":{"start":{"line":104,"column":46},"end":{"line":143,"column":3}},"line":104},"9":{"name":"_loop","decl":{"start":{"line":111,"column":25},"end":{"line":111,"column":30}},"loc":{"start":{"line":111,"column":34},"end":{"line":136,"column":5}},"line":111},"10":{"name":"(anonymous_10)","decl":{"start":{"line":114,"column":47},"end":{"line":114,"column":48}},"loc":{"start":{"line":114,"column":60},"end":{"line":116,"column":7}},"line":114},"11":{"name":"(anonymous_11)","decl":{"start":{"line":126,"column":32},"end":{"line":126,"column":33}},"loc":{"start":{"line":126,"column":45},"end":{"line":132,"column":7}},"line":126},"12":{"name":"(anonymous_12)","decl":{"start":{"line":127,"column":50},"end":{"line":127,"column":51}},"loc":{"start":{"line":127,"column":63},"end":{"line":129,"column":9}},"line":127},"13":{"name":"(anonymous_13)","decl":{"start":{"line":129,"column":18},"end":{"line":129,"column":19}},"loc":{"start":{"line":129,"column":31},"end":{"line":131,"column":9}},"line":129},"14":{"name":"my","decl":{"start":{"line":144,"column":15},"end":{"line":144,"column":17}},"loc":{"start":{"line":144,"column":34},"end":{"line":154,"column":3}},"line":144},"15":{"name":"(anonymous_15)","decl":{"start":{"line":149,"column":49},"end":{"line":149,"column":50}},"loc":{"start":{"line":149,"column":62},"end":{"line":151,"column":5}},"line":149},"16":{"name":"submissions","decl":{"start":{"line":155,"column":24},"end":{"line":155,"column":35}},"loc":{"start":{"line":155,"column":52},"end":{"line":181,"column":3}},"line":155},"17":{"name":"(anonymous_17)","decl":{"start":{"line":178,"column":28},"end":{"line":178,"column":29}},"loc":{"start":{"line":178,"column":44},"end":{"line":180,"column":5}},"line":178},"18":{"name":"groupedSubs","decl":{"start":{"line":182,"column":24},"end":{"line":182,"column":35}},"loc":{"start":{"line":182,"column":52},"end":{"line":213,"column":3}},"line":182},"19":{"name":"teams","decl":{"start":{"line":214,"column":18},"end":{"line":214,"column":23}},"loc":{"start":{"line":214,"column":40},"end":{"line":284,"column":3}},"line":214},"20":{"name":"_loop2","decl":{"start":{"line":233,"column":30},"end":{"line":233,"column":36}},"loc":{"start":{"line":233,"column":39},"end":{"line":241,"column":9}},"line":233},"21":{"name":"(anonymous_21)","decl":{"start":{"line":236,"column":62},"end":{"line":236,"column":63}},"loc":{"start":{"line":236,"column":75},"end":{"line":238,"column":11}},"line":236},"22":{"name":"(anonymous_22)","decl":{"start":{"line":266,"column":23},"end":{"line":266,"column":24}},"loc":{"start":{"line":266,"column":39},"end":{"line":269,"column":5}},"line":266},"23":{"name":"languages","decl":{"start":{"line":285,"column":22},"end":{"line":285,"column":31}},"loc":{"start":{"line":285,"column":48},"end":{"line":288,"column":3}},"line":285},"24":{"name":"getRawProblem","decl":{"start":{"line":292,"column":26},"end":{"line":292,"column":39}},"loc":{"start":{"line":292,"column":56},"end":{"line":323,"column":3}},"line":292},"25":{"name":"(anonymous_25)","decl":{"start":{"line":293,"column":11},"end":{"line":293,"column":12}},"loc":{"start":{"line":293,"column":25},"end":{"line":322,"column":5}},"line":293},"26":{"name":"(anonymous_26)","decl":{"start":{"line":326,"column":114},"end":{"line":326,"column":115}},"loc":{"start":{"line":326,"column":133},"end":{"line":375,"column":1}},"line":326},"27":{"name":"_callee","decl":{"start":{"line":329,"column":91},"end":{"line":329,"column":98}},"loc":{"start":{"line":329,"column":101},"end":{"line":374,"column":3}},"line":329},"28":{"name":"_callee$","decl":{"start":{"line":332,"column":47},"end":{"line":332,"column":55}},"loc":{"start":{"line":332,"column":66},"end":{"line":373,"column":5}},"line":332},"29":{"name":"(anonymous_29)","decl":{"start":{"line":375,"column":77},"end":{"line":375,"column":78}},"loc":{"start":{"line":375,"column":110},"end":{"line":420,"column":1}},"line":375},"30":{"name":"_callee2","decl":{"start":{"line":378,"column":91},"end":{"line":378,"column":99}},"loc":{"start":{"line":378,"column":102},"end":{"line":419,"column":3}},"line":378},"31":{"name":"_callee2$","decl":{"start":{"line":380,"column":47},"end":{"line":380,"column":56}},"loc":{"start":{"line":380,"column":68},"end":{"line":418,"column":5}},"line":380}},"branchMap":{"0":{"loc":{"start":{"line":54,"column":40},"end":{"line":54,"column":267}},"type":"if","locations":[{"start":{"line":54,"column":40},"end":{"line":54,"column":267}},{"start":{"line":54,"column":40},"end":{"line":54,"column":267}}],"line":54},"1":{"loc":{"start":{"line":54,"column":44},"end":{"line":54,"column":65}},"type":"binary-expr","locations":[{"start":{"line":54,"column":44},"end":{"line":54,"column":47}},{"start":{"line":54,"column":51},"end":{"line":54,"column":65}}],"line":54},"2":{"loc":{"start":{"line":54,"column":107},"end":{"line":54,"column":228}},"type":"if","locations":[{"start":{"line":54,"column":107},"end":{"line":54,"column":228}},{"start":{"line":54,"column":107},"end":{"line":54,"column":228}}],"line":54},"3":{"loc":{"start":{"line":54,"column":149},"end":{"line":54,"column":224}},"type":"if","locations":[{"start":{"line":54,"column":149},"end":{"line":54,"column":224}},{"start":{"line":54,"column":149},"end":{"line":54,"column":224}}],"line":54},"4":{"loc":{"start":{"line":56,"column":46},"end":{"line":56,"column":92}},"type":"cond-expr","locations":[{"start":{"line":56,"column":70},"end":{"line":56,"column":73}},{"start":{"line":56,"column":76},"end":{"line":56,"column":92}}],"line":56},"5":{"loc":{"start":{"line":56,"column":46},"end":{"line":56,"column":67}},"type":"binary-expr","locations":[{"start":{"line":56,"column":46},"end":{"line":56,"column":49}},{"start":{"line":56,"column":53},"end":{"line":56,"column":67}}],"line":56},"6":{"loc":{"start":{"line":108,"column":4},"end":{"line":108,"column":56}},"type":"if","locations":[{"start":{"line":108,"column":4},"end":{"line":108,"column":56}},{"start":{"line":108,"column":4},"end":{"line":108,"column":56}}],"line":108},"7":{"loc":{"start":{"line":108,"column":8},"end":{"line":108,"column":44}},"type":"binary-expr","locations":[{"start":{"line":108,"column":8},"end":{"line":108,"column":11}},{"start":{"line":108,"column":15},"end":{"line":108,"column":23}},{"start":{"line":108,"column":27},"end":{"line":108,"column":44}}],"line":108},"8":{"loc":{"start":{"line":114,"column":18},"end":{"line":114,"column":38}},"type":"binary-expr","locations":[{"start":{"line":114,"column":18},"end":{"line":114,"column":32}},{"start":{"line":114,"column":36},"end":{"line":114,"column":38}}],"line":114},"9":{"loc":{"start":{"line":145,"column":4},"end":{"line":145,"column":120}},"type":"if","locations":[{"start":{"line":145,"column":4},"end":{"line":145,"column":120}},{"start":{"line":145,"column":4},"end":{"line":145,"column":120}}],"line":145},"10":{"loc":{"start":{"line":145,"column":8},"end":{"line":145,"column":91}},"type":"binary-expr","locations":[{"start":{"line":145,"column":8},"end":{"line":145,"column":25}},{"start":{"line":145,"column":29},"end":{"line":145,"column":54}},{"start":{"line":145,"column":58},"end":{"line":145,"column":91}}],"line":145},"11":{"loc":{"start":{"line":157,"column":4},"end":{"line":157,"column":41}},"type":"if","locations":[{"start":{"line":157,"column":4},"end":{"line":157,"column":41}},{"start":{"line":157,"column":4},"end":{"line":157,"column":41}}],"line":157},"12":{"loc":{"start":{"line":160,"column":4},"end":{"line":160,"column":65}},"type":"if","locations":[{"start":{"line":160,"column":4},"end":{"line":160,"column":65}},{"start":{"line":160,"column":4},"end":{"line":160,"column":65}}],"line":160},"13":{"loc":{"start":{"line":160,"column":8},"end":{"line":160,"column":53}},"type":"binary-expr","locations":[{"start":{"line":160,"column":8},"end":{"line":160,"column":20}},{"start":{"line":160,"column":24},"end":{"line":160,"column":32}},{"start":{"line":160,"column":36},"end":{"line":160,"column":53}}],"line":160},"14":{"loc":{"start":{"line":167,"column":6},"end":{"line":170,"column":7}},"type":"if","locations":[{"start":{"line":167,"column":6},"end":{"line":170,"column":7}},{"start":{"line":167,"column":6},"end":{"line":170,"column":7}}],"line":167},"15":{"loc":{"start":{"line":184,"column":4},"end":{"line":184,"column":32}},"type":"if","locations":[{"start":{"line":184,"column":4},"end":{"line":184,"column":32}},{"start":{"line":184,"column":4},"end":{"line":184,"column":32}}],"line":184},"16":{"loc":{"start":{"line":195,"column":8},"end":{"line":195,"column":106}},"type":"if","locations":[{"start":{"line":195,"column":8},"end":{"line":195,"column":106}},{"start":{"line":195,"column":8},"end":{"line":195,"column":106}}],"line":195},"17":{"loc":{"start":{"line":202,"column":8},"end":{"line":204,"column":9}},"type":"if","locations":[{"start":{"line":202,"column":8},"end":{"line":204,"column":9}},{"start":{"line":202,"column":8},"end":{"line":204,"column":9}}],"line":202},"18":{"loc":{"start":{"line":202,"column":12},"end":{"line":202,"column":58}},"type":"binary-expr","locations":[{"start":{"line":202,"column":12},"end":{"line":202,"column":38}},{"start":{"line":202,"column":42},"end":{"line":202,"column":58}}],"line":202},"19":{"loc":{"start":{"line":206,"column":8},"end":{"line":208,"column":9}},"type":"if","locations":[{"start":{"line":206,"column":8},"end":{"line":208,"column":9}},{"start":{"line":206,"column":8},"end":{"line":208,"column":9}}],"line":206},"20":{"loc":{"start":{"line":218,"column":4},"end":{"line":218,"column":35}},"type":"if","locations":[{"start":{"line":218,"column":4},"end":{"line":218,"column":35}},{"start":{"line":218,"column":4},"end":{"line":218,"column":35}}],"line":218},"21":{"loc":{"start":{"line":221,"column":4},"end":{"line":221,"column":106}},"type":"if","locations":[{"start":{"line":221,"column":4},"end":{"line":221,"column":106}},{"start":{"line":221,"column":4},"end":{"line":221,"column":106}}],"line":221},"22":{"loc":{"start":{"line":221,"column":8},"end":{"line":221,"column":94}},"type":"binary-expr","locations":[{"start":{"line":221,"column":8},"end":{"line":221,"column":14}},{"start":{"line":221,"column":18},"end":{"line":221,"column":21}},{"start":{"line":221,"column":25},"end":{"line":221,"column":34}},{"start":{"line":221,"column":38},"end":{"line":221,"column":55}},{"start":{"line":221,"column":59},"end":{"line":221,"column":70}},{"start":{"line":221,"column":74},"end":{"line":221,"column":94}}],"line":221},"23":{"loc":{"start":{"line":236,"column":22},"end":{"line":236,"column":53}},"type":"binary-expr","locations":[{"start":{"line":236,"column":22},"end":{"line":236,"column":47}},{"start":{"line":236,"column":51},"end":{"line":236,"column":53}}],"line":236},"24":{"loc":{"start":{"line":251,"column":10},"end":{"line":253,"column":11}},"type":"if","locations":[{"start":{"line":251,"column":10},"end":{"line":253,"column":11}},{"start":{"line":251,"column":10},"end":{"line":253,"column":11}}],"line":251},"25":{"loc":{"start":{"line":251,"column":14},"end":{"line":251,"column":62}},"type":"binary-expr","locations":[{"start":{"line":251,"column":14},"end":{"line":251,"column":41}},{"start":{"line":251,"column":45},"end":{"line":251,"column":62}}],"line":251},"26":{"loc":{"start":{"line":255,"column":10},"end":{"line":257,"column":11}},"type":"if","locations":[{"start":{"line":255,"column":10},"end":{"line":257,"column":11}},{"start":{"line":255,"column":10},"end":{"line":257,"column":11}}],"line":255},"27":{"loc":{"start":{"line":267,"column":6},"end":{"line":267,"column":88}},"type":"if","locations":[{"start":{"line":267,"column":6},"end":{"line":267,"column":88}},{"start":{"line":267,"column":6},"end":{"line":267,"column":88}}],"line":267},"28":{"loc":{"start":{"line":275,"column":6},"end":{"line":280,"column":7}},"type":"if","locations":[{"start":{"line":275,"column":6},"end":{"line":280,"column":7}},{"start":{"line":275,"column":6},"end":{"line":280,"column":7}}],"line":275},"29":{"loc":{"start":{"line":277,"column":8},"end":{"line":277,"column":121}},"type":"if","locations":[{"start":{"line":277,"column":8},"end":{"line":277,"column":121}},{"start":{"line":277,"column":8},"end":{"line":277,"column":121}}],"line":277},"30":{"loc":{"start":{"line":278,"column":8},"end":{"line":278,"column":228}},"type":"if","locations":[{"start":{"line":278,"column":8},"end":{"line":278,"column":228}},{"start":{"line":278,"column":8},"end":{"line":278,"column":228}}],"line":278},"31":{"loc":{"start":{"line":278,"column":12},"end":{"line":278,"column":137}},"type":"binary-expr","locations":[{"start":{"line":278,"column":12},"end":{"line":278,"column":23}},{"start":{"line":278,"column":27},"end":{"line":278,"column":78}},{"start":{"line":278,"column":82},"end":{"line":278,"column":137}}],"line":278},"32":{"loc":{"start":{"line":286,"column":4},"end":{"line":286,"column":68}},"type":"if","locations":[{"start":{"line":286,"column":4},"end":{"line":286,"column":68}},{"start":{"line":286,"column":4},"end":{"line":286,"column":68}}],"line":286},"33":{"loc":{"start":{"line":286,"column":8},"end":{"line":286,"column":56}},"type":"binary-expr","locations":[{"start":{"line":286,"column":8},"end":{"line":286,"column":25}},{"start":{"line":286,"column":29},"end":{"line":286,"column":56}}],"line":286},"34":{"loc":{"start":{"line":294,"column":6},"end":{"line":294,"column":46}},"type":"if","locations":[{"start":{"line":294,"column":6},"end":{"line":294,"column":46}},{"start":{"line":294,"column":6},"end":{"line":294,"column":46}}],"line":294},"35":{"loc":{"start":{"line":304,"column":10},"end":{"line":304,"column":53}},"type":"if","locations":[{"start":{"line":304,"column":10},"end":{"line":304,"column":53}},{"start":{"line":304,"column":10},"end":{"line":304,"column":53}}],"line":304},"36":{"loc":{"start":{"line":311,"column":10},"end":{"line":313,"column":11}},"type":"if","locations":[{"start":{"line":311,"column":10},"end":{"line":313,"column":11}},{"start":{"line":311,"column":10},"end":{"line":313,"column":11}}],"line":311},"37":{"loc":{"start":{"line":311,"column":14},"end":{"line":311,"column":62}},"type":"binary-expr","locations":[{"start":{"line":311,"column":14},"end":{"line":311,"column":41}},{"start":{"line":311,"column":45},"end":{"line":311,"column":62}}],"line":311},"38":{"loc":{"start":{"line":315,"column":10},"end":{"line":317,"column":11}},"type":"if","locations":[{"start":{"line":315,"column":10},"end":{"line":317,"column":11}},{"start":{"line":315,"column":10},"end":{"line":317,"column":11}}],"line":315},"39":{"loc":{"start":{"line":334,"column":8},"end":{"line":371,"column":9}},"type":"switch","locations":[{"start":{"line":335,"column":10},"end":{"line":338,"column":85}},{"start":{"line":340,"column":10},"end":{"line":349,"column":18}},{"start":{"line":351,"column":10},"end":{"line":360,"column":52}},{"start":{"line":362,"column":10},"end":{"line":363,"column":30}},{"start":{"line":365,"column":10},"end":{"line":366,"column":51}},{"start":{"line":368,"column":10},"end":{"line":368,"column":18}},{"start":{"line":369,"column":10},"end":{"line":370,"column":35}}],"line":334},"40":{"loc":{"start":{"line":355,"column":12},"end":{"line":358,"column":13}},"type":"if","locations":[{"start":{"line":355,"column":12},"end":{"line":358,"column":13}},{"start":{"line":355,"column":12},"end":{"line":358,"column":13}}],"line":355},"41":{"loc":{"start":{"line":355,"column":18},"end":{"line":355,"column":74}},"type":"binary-expr","locations":[{"start":{"line":355,"column":18},"end":{"line":355,"column":44}},{"start":{"line":355,"column":48},"end":{"line":355,"column":74}}],"line":355},"42":{"loc":{"start":{"line":382,"column":8},"end":{"line":416,"column":9}},"type":"switch","locations":[{"start":{"line":383,"column":10},"end":{"line":386,"column":60}},{"start":{"line":388,"column":10},"end":{"line":394,"column":18}},{"start":{"line":396,"column":10},"end":{"line":405,"column":53}},{"start":{"line":407,"column":10},"end":{"line":408,"column":31}},{"start":{"line":410,"column":10},"end":{"line":411,"column":52}},{"start":{"line":413,"column":10},"end":{"line":413,"column":18}},{"start":{"line":414,"column":10},"end":{"line":415,"column":36}}],"line":382},"43":{"loc":{"start":{"line":400,"column":12},"end":{"line":403,"column":13}},"type":"if","locations":[{"start":{"line":400,"column":12},"end":{"line":403,"column":13}},{"start":{"line":400,"column":12},"end":{"line":403,"column":13}}],"line":400},"44":{"loc":{"start":{"line":400,"column":18},"end":{"line":400,"column":76}},"type":"binary-expr","locations":[{"start":{"line":400,"column":18},"end":{"line":400,"column":45}},{"start":{"line":400,"column":49},"end":{"line":400,"column":76}}],"line":400}},"s":{"0":1,"1":1,"2":1,"3":1,"4":1,"5":1,"6":1,"7":1,"8":1,"9":1,"10":1,"11":1,"12":1,"13":1,"14":1,"15":1,"16":1,"17":1,"18":1,"19":1,"20":1,"21":1,"22":1,"23":1,"24":2,"25":2,"26":0,"27":0,"28":0,"29":0,"30":0,"31":0,"32":0,"33":9,"34":1,"35":1,"36":1,"37":0,"38":0,"39":0,"40":0,"41":0,"42":0,"43":0,"44":0,"45":0,"46":0,"47":0,"48":1,"49":0,"50":0,"51":0,"52":0,"53":0,"54":0,"55":0,"56":0,"57":0,"58":0,"59":0,"60":0,"61":0,"62":0,"63":0,"64":0,"65":0,"66":0,"67":0,"68":0,"69":0,"70":0,"71":0,"72":0,"73":0,"74":0,"75":0,"76":0,"77":0,"78":0,"79":0,"80":0,"81":0,"82":0,"83":0,"84":0,"85":0,"86":0,"87":0,"88":0,"89":0,"90":0,"91":0,"92":0,"93":0,"94":0,"95":0,"96":0,"97":0,"98":0,"99":0,"100":0,"101":0,"102":0,"103":0,"104":0,"105":0,"106":0,"107":0,"108":0,"109":0,"110":0,"111":0,"112":0,"113":0,"114":0,"115":0,"116":0,"117":0,"118":0,"119":0,"120":0,"121":0,"122":0,"123":0,"124":0,"125":0,"126":0,"127":0,"128":0,"129":0,"130":0,"131":0,"132":0,"133":0,"134":0,"135":0,"136":0,"137":0,"138":0,"139":0,"140":0,"141":0,"142":0,"143":0,"144":0,"145":0,"146":0,"147":0,"148":0,"149":0,"150":0,"151":0,"152":0,"153":0,"154":0,"155":0,"156":0,"157":0,"158":0,"159":0,"160":0,"161":0,"162":0,"163":0,"164":0,"165":0,"166":0,"167":1,"168":0,"169":0,"170":0,"171":0,"172":0,"173":0,"174":0,"175":0,"176":0,"177":0,"178":0,"179":0,"180":0,"181":0,"182":0,"183":0,"184":0,"185":0,"186":0,"187":1,"188":0,"189":0,"190":0,"191":0,"192":0,"193":0,"194":0,"195":0,"196":0,"197":0,"198":0,"199":0,"200":0,"201":0,"202":0,"203":0,"204":0,"205":0,"206":0,"207":0,"208":0,"209":0,"210":0,"211":0,"212":0,"213":0,"214":0,"215":0,"216":0,"217":0,"218":0,"219":0,"220":0,"221":0,"222":0,"223":0,"224":0,"225":0,"226":0,"227":0,"228":0,"229":0,"230":0,"231":0,"232":0},"f":{"0":2,"1":9,"2":0,"3":0,"4":0,"5":0,"6":0,"7":0,"8":0,"9":0,"10":0,"11":0,"12":0,"13":0,"14":0,"15":0,"16":0,"17":0,"18":0,"19":0,"20":0,"21":0,"22":0,"23":0,"24":0,"25":0,"26":0,"27":0,"28":0,"29":0,"30":0,"31":0},"b":{"0":[2,0],"1":[2,2],"2":[0,0],"3":[0,0],"4":[7,2],"5":[9,9],"6":[0,0],"7":[0,0,0],"8":[0,0],"9":[0,0],"10":[0,0,0],"11":[0,0],"12":[0,0],"13":[0,0,0],"14":[0,0],"15":[0,0],"16":[0,0],"17":[0,0],"18":[0,0],"19":[0,0],"20":[0,0],"21":[0,0],"22":[0,0,0,0,0,0],"23":[0,0],"24":[0,0],"25":[0,0],"26":[0,0],"27":[0,0],"28":[0,0],"29":[0,0],"30":[0,0],"31":[0,0,0],"32":[0,0],"33":[0,0],"34":[0,0],"35":[0,0],"36":[0,0],"37":[0,0],"38":[0,0],"39":[0,0,0,0,0,0,0],"40":[0,0],"41":[0,0],"42":[0,0,0,0,0,0,0],"43":[0,0],"44":[0,0]},"_coverageSchema":"332fd63041d2c1bcb487cc26dd0d5f7d97098a6c","hash":"29f6243564879dc8abdaeb1c5430faac7e409a2b","contentHash":"579e1dad8423ee3f94fe6c24b0d0174d_11.6.0"},"/home/rsalesc/Dev/jude/src/bulma/api.js":{"path":"/home/rsalesc/Dev/jude/src/bulma/api.js","statementMap":{"0":{"start":{"line":3,"column":0},"end":{"line":5,"column":3}},"1":{"start":{"line":6,"column":0},"end":{"line":6,"column":139}},"2":{"start":{"line":8,"column":11},"end":{"line":8,"column":25}},"3":{"start":{"line":10,"column":12},"end":{"line":10,"column":40}},"4":{"start":{"line":12,"column":19},"end":{"line":12,"column":42}},"5":{"start":{"line":14,"column":20},"end":{"line":14,"column":56}},"6":{"start":{"line":16,"column":13},"end":{"line":16,"column":32}},"7":{"start":{"line":18,"column":39},"end":{"line":18,"column":93}},"8":{"start":{"line":20,"column":0},"end":{"line":20,"column":41}},"9":{"start":{"line":22,"column":0},"end":{"line":27,"column":3}},"10":{"start":{"line":23,"column":2},"end":{"line":23,"column":51}},"11":{"start":{"line":24,"column":2},"end":{"line":26,"column":5}},"12":{"start":{"line":25,"column":4},"end":{"line":25,"column":52}},"13":{"start":{"line":30,"column":2},"end":{"line":30,"column":39}},"14":{"start":{"line":33,"column":18},"end":{"line":33,"column":94}},"15":{"start":{"line":34,"column":14},"end":{"line":34,"column":81}},"16":{"start":{"line":35,"column":9},"end":{"line":35,"column":74}},"17":{"start":{"line":36,"column":18},"end":{"line":36,"column":101}},"18":{"start":{"line":37,"column":13},"end":{"line":37,"column":86}},"19":{"start":{"line":38,"column":17},"end":{"line":38,"column":103}},"20":{"start":{"line":40,"column":12},"end":{"line":43,"column":1}}},"fnMap":{"0":{"name":"_interopRequireDefault","decl":{"start":{"line":18,"column":9},"end":{"line":18,"column":31}},"loc":{"start":{"line":18,"column":37},"end":{"line":18,"column":95}},"line":18},"1":{"name":"(anonymous_1)","decl":{"start":{"line":22,"column":37},"end":{"line":22,"column":38}},"loc":{"start":{"line":22,"column":62},"end":{"line":27,"column":1}},"line":22},"2":{"name":"(anonymous_2)","decl":{"start":{"line":24,"column":7},"end":{"line":24,"column":8}},"loc":{"start":{"line":24,"column":27},"end":{"line":26,"column":3}},"line":24},"3":{"name":"resolveToRoot","decl":{"start":{"line":29,"column":9},"end":{"line":29,"column":22}},"loc":{"start":{"line":29,"column":29},"end":{"line":31,"column":1}},"line":29}},"branchMap":{"0":{"loc":{"start":{"line":18,"column":46},"end":{"line":18,"column":92}},"type":"cond-expr","locations":[{"start":{"line":18,"column":70},"end":{"line":18,"column":73}},{"start":{"line":18,"column":76},"end":{"line":18,"column":92}}],"line":18},"1":{"loc":{"start":{"line":18,"column":46},"end":{"line":18,"column":67}},"type":"binary-expr","locations":[{"start":{"line":18,"column":46},"end":{"line":18,"column":49}},{"start":{"line":18,"column":53},"end":{"line":18,"column":67}}],"line":18}},"s":{"0":1,"1":1,"2":1,"3":1,"4":1,"5":1,"6":1,"7":2,"8":1,"9":1,"10":0,"11":0,"12":0,"13":6,"14":1,"15":1,"16":1,"17":1,"18":1,"19":1,"20":1},"f":{"0":2,"1":0,"2":0,"3":6},"b":{"0":[0,2],"1":[2,2]},"_coverageSchema":"332fd63041d2c1bcb487cc26dd0d5f7d97098a6c","hash":"1a7a267bef0f84240012201e2c74e3feb0ae676a","contentHash":"4bd955944389a3324db42632bec96a1b_11.6.0"},"/home/rsalesc/Dev/jude/src/bulma/store/index.js":{"path":"/home/rsalesc/Dev/jude/src/bulma/store/index.js","statementMap":{"0":{"start":{"line":3,"column":0},"end":{"line":5,"column":3}},"1":{"start":{"line":6,"column":0},"end":{"line":6,"column":42}},"2":{"start":{"line":8,"column":23},"end":{"line":8,"column":70}},"3":{"start":{"line":10,"column":23},"end":{"line":10,"column":63}},"4":{"start":{"line":12,"column":16},"end":{"line":12,"column":56}},"5":{"start":{"line":14,"column":16},"end":{"line":14,"column":49}},"6":{"start":{"line":16,"column":32},"end":{"line":16,"column":88}},"7":{"start":{"line":18,"column":32},"end":{"line":18,"column":81}},"8":{"start":{"line":22,"column":11},"end":{"line":22,"column":25}},"9":{"start":{"line":24,"column":12},"end":{"line":24,"column":40}},"10":{"start":{"line":26,"column":12},"end":{"line":26,"column":27}},"11":{"start":{"line":28,"column":13},"end":{"line":28,"column":42}},"12":{"start":{"line":30,"column":12},"end":{"line":30,"column":29}},"13":{"start":{"line":32,"column":11},"end":{"line":32,"column":41}},"14":{"start":{"line":34,"column":13},"end":{"line":34,"column":31}},"15":{"start":{"line":36,"column":12},"end":{"line":36,"column":43}},"16":{"start":{"line":38,"column":26},"end":{"line":38,"column":56}},"17":{"start":{"line":40,"column":27},"end":{"line":40,"column":70}},"18":{"start":{"line":42,"column":40},"end":{"line":42,"column":267}},"19":{"start":{"line":42,"column":69},"end":{"line":42,"column":80}},"20":{"start":{"line":42,"column":103},"end":{"line":42,"column":105}},"21":{"start":{"line":42,"column":107},"end":{"line":42,"column":228}},"22":{"start":{"line":42,"column":126},"end":{"line":42,"column":226}},"23":{"start":{"line":42,"column":149},"end":{"line":42,"column":224}},"24":{"start":{"line":42,"column":201},"end":{"line":42,"column":224}},"25":{"start":{"line":42,"column":229},"end":{"line":42,"column":250}},"26":{"start":{"line":42,"column":251},"end":{"line":42,"column":265}},"27":{"start":{"line":44,"column":39},"end":{"line":44,"column":93}},"28":{"start":{"line":47,"column":14},"end":{"line":47,"column":23}},"29":{"start":{"line":48,"column":17},"end":{"line":48,"column":29}},"30":{"start":{"line":49,"column":16},"end":{"line":49,"column":27}},"31":{"start":{"line":50,"column":15},"end":{"line":50,"column":92}},"32":{"start":{"line":52,"column":2},"end":{"line":52,"column":104}},"33":{"start":{"line":55,"column":12},"end":{"line":58,"column":2}},"34":{"start":{"line":60,"column":12},"end":{"line":60,"column":46}},"35":{"start":{"line":62,"column":17},"end":{"line":66,"column":14}},"36":{"start":{"line":63,"column":2},"end":{"line":63,"column":33}},"37":{"start":{"line":65,"column":2},"end":{"line":65,"column":33}},"38":{"start":{"line":68,"column":14},"end":{"line":70,"column":5}},"39":{"start":{"line":69,"column":4},"end":{"line":69,"column":44}},"40":{"start":{"line":72,"column":14},"end":{"line":75,"column":1}},"41":{"start":{"line":77,"column":0},"end":{"line":77,"column":34}},"42":{"start":{"line":80,"column":12},"end":{"line":88,"column":2}}},"fnMap":{"0":{"name":"_interopRequireWildcard","decl":{"start":{"line":42,"column":9},"end":{"line":42,"column":32}},"loc":{"start":{"line":42,"column":38},"end":{"line":42,"column":269}},"line":42},"1":{"name":"_interopRequireDefault","decl":{"start":{"line":44,"column":9},"end":{"line":44,"column":31}},"loc":{"start":{"line":44,"column":37},"end":{"line":44,"column":95}},"line":44},"2":{"name":"normalizeModule","decl":{"start":{"line":46,"column":9},"end":{"line":46,"column":24}},"loc":{"start":{"line":46,"column":30},"end":{"line":53,"column":1}},"line":46},"3":{"name":"(anonymous_3)","decl":{"start":{"line":62,"column":98},"end":{"line":62,"column":99}},"loc":{"start":{"line":62,"column":115},"end":{"line":64,"column":1}},"line":62},"4":{"name":"(anonymous_4)","decl":{"start":{"line":64,"column":67},"end":{"line":64,"column":68}},"loc":{"start":{"line":64,"column":84},"end":{"line":66,"column":1}},"line":64},"5":{"name":"isFetching","decl":{"start":{"line":68,"column":37},"end":{"line":68,"column":47}},"loc":{"start":{"line":68,"column":64},"end":{"line":70,"column":3}},"line":68}},"branchMap":{"0":{"loc":{"start":{"line":42,"column":40},"end":{"line":42,"column":267}},"type":"if","locations":[{"start":{"line":42,"column":40},"end":{"line":42,"column":267}},{"start":{"line":42,"column":40},"end":{"line":42,"column":267}}],"line":42},"1":{"loc":{"start":{"line":42,"column":44},"end":{"line":42,"column":65}},"type":"binary-expr","locations":[{"start":{"line":42,"column":44},"end":{"line":42,"column":47}},{"start":{"line":42,"column":51},"end":{"line":42,"column":65}}],"line":42},"2":{"loc":{"start":{"line":42,"column":107},"end":{"line":42,"column":228}},"type":"if","locations":[{"start":{"line":42,"column":107},"end":{"line":42,"column":228}},{"start":{"line":42,"column":107},"end":{"line":42,"column":228}}],"line":42},"3":{"loc":{"start":{"line":42,"column":149},"end":{"line":42,"column":224}},"type":"if","locations":[{"start":{"line":42,"column":149},"end":{"line":42,"column":224}},{"start":{"line":42,"column":149},"end":{"line":42,"column":224}}],"line":42},"4":{"loc":{"start":{"line":44,"column":46},"end":{"line":44,"column":92}},"type":"cond-expr","locations":[{"start":{"line":44,"column":70},"end":{"line":44,"column":73}},{"start":{"line":44,"column":76},"end":{"line":44,"column":92}}],"line":44},"5":{"loc":{"start":{"line":44,"column":46},"end":{"line":44,"column":67}},"type":"binary-expr","locations":[{"start":{"line":44,"column":46},"end":{"line":44,"column":49}},{"start":{"line":44,"column":53},"end":{"line":44,"column":67}}],"line":44}},"s":{"0":1,"1":1,"2":1,"3":1,"4":1,"5":1,"6":1,"7":1,"8":1,"9":1,"10":1,"11":1,"12":1,"13":1,"14":1,"15":1,"16":1,"17":1,"18":2,"19":2,"20":0,"21":0,"22":0,"23":0,"24":0,"25":0,"26":0,"27":6,"28":2,"29":2,"30":2,"31":2,"32":2,"33":1,"34":1,"35":1,"36":0,"37":0,"38":1,"39":0,"40":1,"41":1,"42":1},"f":{"0":2,"1":6,"2":2,"3":0,"4":0,"5":0},"b":{"0":[2,0],"1":[2,2],"2":[0,0],"3":[0,0],"4":[3,3],"5":[6,6]},"_coverageSchema":"332fd63041d2c1bcb487cc26dd0d5f7d97098a6c","hash":"84eb0872dce3fd7ac70848f893a75eaeef6d4802","contentHash":"7ace53a8b17e3d1321c46c43d722b7a3_11.6.0"},"/home/rsalesc/Dev/jude/src/bulma/store/login.js":{"path":"/home/rsalesc/Dev/jude/src/bulma/store/login.js","statementMap":{"0":{"start":{"line":3,"column":0},"end":{"line":5,"column":3}},"1":{"start":{"line":6,"column":0},"end":{"line":6,"column":117}},"2":{"start":{"line":8,"column":19},"end":{"line":8,"column":55}},"3":{"start":{"line":10,"column":20},"end":{"line":10,"column":56}},"4":{"start":{"line":12,"column":25},"end":{"line":12,"column":74}},"5":{"start":{"line":14,"column":25},"end":{"line":14,"column":67}},"6":{"start":{"line":16,"column":23},"end":{"line":16,"column":70}},"7":{"start":{"line":18,"column":23},"end":{"line":18,"column":63}},"8":{"start":{"line":22,"column":11},"end":{"line":22,"column":28}},"9":{"start":{"line":24,"column":10},"end":{"line":24,"column":39}},"10":{"start":{"line":26,"column":40},"end":{"line":26,"column":267}},"11":{"start":{"line":26,"column":69},"end":{"line":26,"column":80}},"12":{"start":{"line":26,"column":103},"end":{"line":26,"column":105}},"13":{"start":{"line":26,"column":107},"end":{"line":26,"column":228}},"14":{"start":{"line":26,"column":126},"end":{"line":26,"column":226}},"15":{"start":{"line":26,"column":149},"end":{"line":26,"column":224}},"16":{"start":{"line":26,"column":201},"end":{"line":26,"column":224}},"17":{"start":{"line":26,"column":229},"end":{"line":26,"column":250}},"18":{"start":{"line":26,"column":251},"end":{"line":26,"column":265}},"19":{"start":{"line":28,"column":39},"end":{"line":28,"column":93}},"20":{"start":{"line":30,"column":12},"end":{"line":34,"column":1}},"21":{"start":{"line":36,"column":12},"end":{"line":39,"column":1}},"22":{"start":{"line":41,"column":16},"end":{"line":45,"column":15}},"23":{"start":{"line":42,"column":4},"end":{"line":42,"column":39}},"24":{"start":{"line":44,"column":4},"end":{"line":44,"column":39}},"25":{"start":{"line":47,"column":14},"end":{"line":47,"column":34}},"26":{"start":{"line":49,"column":15},"end":{"line":58,"column":1}},"27":{"start":{"line":51,"column":8},"end":{"line":51,"column":45}},"28":{"start":{"line":51,"column":35},"end":{"line":51,"column":45}},"29":{"start":{"line":52,"column":8},"end":{"line":52,"column":36}},"30":{"start":{"line":55,"column":8},"end":{"line":55,"column":64}},"31":{"start":{"line":55,"column":39},"end":{"line":55,"column":64}},"32":{"start":{"line":56,"column":8},"end":{"line":56,"column":40}},"33":{"start":{"line":60,"column":14},"end":{"line":86,"column":4}},"34":{"start":{"line":61,"column":15},"end":{"line":81,"column":7}},"35":{"start":{"line":63,"column":8},"end":{"line":80,"column":31}},"36":{"start":{"line":64,"column":12},"end":{"line":79,"column":13}},"37":{"start":{"line":65,"column":16},"end":{"line":78,"column":17}},"38":{"start":{"line":67,"column":24},"end":{"line":67,"column":42}},"39":{"start":{"line":68,"column":24},"end":{"line":68,"column":53}},"40":{"start":{"line":71,"column":24},"end":{"line":71,"column":44}},"41":{"start":{"line":73,"column":24},"end":{"line":73,"column":85}},"42":{"start":{"line":77,"column":24},"end":{"line":77,"column":47}},"43":{"start":{"line":83,"column":4},"end":{"line":85,"column":6}},"44":{"start":{"line":84,"column":8},"end":{"line":84,"column":43}}},"fnMap":{"0":{"name":"_interopRequireWildcard","decl":{"start":{"line":26,"column":9},"end":{"line":26,"column":32}},"loc":{"start":{"line":26,"column":38},"end":{"line":26,"column":269}},"line":26},"1":{"name":"_interopRequireDefault","decl":{"start":{"line":28,"column":9},"end":{"line":28,"column":31}},"loc":{"start":{"line":28,"column":37},"end":{"line":28,"column":95}},"line":28},"2":{"name":"(anonymous_2)","decl":{"start":{"line":41,"column":123},"end":{"line":41,"column":124}},"loc":{"start":{"line":41,"column":153},"end":{"line":43,"column":1}},"line":41},"3":{"name":"(anonymous_3)","decl":{"start":{"line":43,"column":78},"end":{"line":43,"column":79}},"loc":{"start":{"line":43,"column":104},"end":{"line":45,"column":1}},"line":43},"4":{"name":"contestList","decl":{"start":{"line":50,"column":26},"end":{"line":50,"column":37}},"loc":{"start":{"line":50,"column":54},"end":{"line":53,"column":5}},"line":50},"5":{"name":"selectedContest","decl":{"start":{"line":54,"column":30},"end":{"line":54,"column":45}},"loc":{"start":{"line":54,"column":62},"end":{"line":57,"column":5}},"line":54},"6":{"name":"(anonymous_6)","decl":{"start":{"line":60,"column":92},"end":{"line":60,"column":93}},"loc":{"start":{"line":60,"column":104},"end":{"line":86,"column":1}},"line":60},"7":{"name":"_callee","decl":{"start":{"line":61,"column":97},"end":{"line":61,"column":104}},"loc":{"start":{"line":61,"column":114},"end":{"line":81,"column":5}},"line":61},"8":{"name":"_callee$","decl":{"start":{"line":63,"column":51},"end":{"line":63,"column":59}},"loc":{"start":{"line":63,"column":70},"end":{"line":80,"column":9}},"line":63},"9":{"name":"(anonymous_9)","decl":{"start":{"line":83,"column":11},"end":{"line":83,"column":12}},"loc":{"start":{"line":83,"column":25},"end":{"line":85,"column":5}},"line":83}},"branchMap":{"0":{"loc":{"start":{"line":26,"column":40},"end":{"line":26,"column":267}},"type":"if","locations":[{"start":{"line":26,"column":40},"end":{"line":26,"column":267}},{"start":{"line":26,"column":40},"end":{"line":26,"column":267}}],"line":26},"1":{"loc":{"start":{"line":26,"column":44},"end":{"line":26,"column":65}},"type":"binary-expr","locations":[{"start":{"line":26,"column":44},"end":{"line":26,"column":47}},{"start":{"line":26,"column":51},"end":{"line":26,"column":65}}],"line":26},"2":{"loc":{"start":{"line":26,"column":107},"end":{"line":26,"column":228}},"type":"if","locations":[{"start":{"line":26,"column":107},"end":{"line":26,"column":228}},{"start":{"line":26,"column":107},"end":{"line":26,"column":228}}],"line":26},"3":{"loc":{"start":{"line":26,"column":149},"end":{"line":26,"column":224}},"type":"if","locations":[{"start":{"line":26,"column":149},"end":{"line":26,"column":224}},{"start":{"line":26,"column":149},"end":{"line":26,"column":224}}],"line":26},"4":{"loc":{"start":{"line":28,"column":46},"end":{"line":28,"column":92}},"type":"cond-expr","locations":[{"start":{"line":28,"column":70},"end":{"line":28,"column":73}},{"start":{"line":28,"column":76},"end":{"line":28,"column":92}}],"line":28},"5":{"loc":{"start":{"line":28,"column":46},"end":{"line":28,"column":67}},"type":"binary-expr","locations":[{"start":{"line":28,"column":46},"end":{"line":28,"column":49}},{"start":{"line":28,"column":53},"end":{"line":28,"column":67}}],"line":28},"6":{"loc":{"start":{"line":51,"column":8},"end":{"line":51,"column":45}},"type":"if","locations":[{"start":{"line":51,"column":8},"end":{"line":51,"column":45}},{"start":{"line":51,"column":8},"end":{"line":51,"column":45}}],"line":51},"7":{"loc":{"start":{"line":55,"column":8},"end":{"line":55,"column":64}},"type":"if","locations":[{"start":{"line":55,"column":8},"end":{"line":55,"column":64}},{"start":{"line":55,"column":8},"end":{"line":55,"column":64}}],"line":55},"8":{"loc":{"start":{"line":65,"column":16},"end":{"line":78,"column":17}},"type":"switch","locations":[{"start":{"line":66,"column":20},"end":{"line":68,"column":53}},{"start":{"line":70,"column":20},"end":{"line":73,"column":85}},{"start":{"line":75,"column":20},"end":{"line":75,"column":27}},{"start":{"line":76,"column":20},"end":{"line":77,"column":47}}],"line":65}},"s":{"0":1,"1":1,"2":1,"3":1,"4":1,"5":1,"6":1,"7":1,"8":1,"9":1,"10":1,"11":1,"12":0,"13":0,"14":0,"15":0,"16":0,"17":0,"18":0,"19":3,"20":1,"21":1,"22":1,"23":0,"24":0,"25":1,"26":1,"27":0,"28":0,"29":0,"30":0,"31":0,"32":0,"33":1,"34":1,"35":0,"36":0,"37":0,"38":0,"39":0,"40":0,"41":0,"42":0,"43":1,"44":0},"f":{"0":1,"1":3,"2":0,"3":0,"4":0,"5":0,"6":1,"7":0,"8":0,"9":0},"b":{"0":[1,0],"1":[1,1],"2":[0,0],"3":[0,0],"4":[2,1],"5":[3,3],"6":[0,0],"7":[0,0],"8":[0,0,0,0]},"_coverageSchema":"332fd63041d2c1bcb487cc26dd0d5f7d97098a6c","hash":"ddf6fa7fe3f3f4f73cd0f0aa583fe5f8f9244f8f","contentHash":"dd2c97e561ec8bc5783e3cdb59843c4f_11.6.0"},"/home/rsalesc/Dev/jude/src/bulma/helpers.js":{"path":"/home/rsalesc/Dev/jude/src/bulma/helpers.js","statementMap":{"0":{"start":{"line":3,"column":0},"end":{"line":5,"column":3}},"1":{"start":{"line":7,"column":20},"end":{"line":7,"column":65}},"2":{"start":{"line":9,"column":20},"end":{"line":9,"column":57}},"3":{"start":{"line":11,"column":0},"end":{"line":11,"column":44}},"4":{"start":{"line":12,"column":0},"end":{"line":12,"column":62}},"5":{"start":{"line":13,"column":0},"end":{"line":13,"column":42}},"6":{"start":{"line":14,"column":0},"end":{"line":14,"column":32}},"7":{"start":{"line":15,"column":0},"end":{"line":15,"column":52}},"8":{"start":{"line":16,"column":0},"end":{"line":16,"column":42}},"9":{"start":{"line":17,"column":0},"end":{"line":17,"column":38}},"10":{"start":{"line":18,"column":0},"end":{"line":18,"column":46}},"11":{"start":{"line":19,"column":0},"end":{"line":19,"column":36}},"12":{"start":{"line":20,"column":0},"end":{"line":20,"column":32}},"13":{"start":{"line":21,"column":0},"end":{"line":21,"column":40}},"14":{"start":{"line":22,"column":0},"end":{"line":22,"column":30}},"15":{"start":{"line":23,"column":0},"end":{"line":23,"column":34}},"16":{"start":{"line":24,"column":0},"end":{"line":24,"column":18}},"17":{"start":{"line":25,"column":0},"end":{"line":25,"column":36}},"18":{"start":{"line":26,"column":0},"end":{"line":26,"column":44}},"19":{"start":{"line":27,"column":0},"end":{"line":27,"column":58}},"20":{"start":{"line":28,"column":0},"end":{"line":28,"column":46}},"21":{"start":{"line":29,"column":0},"end":{"line":29,"column":26}},"22":{"start":{"line":30,"column":0},"end":{"line":30,"column":24}},"23":{"start":{"line":31,"column":0},"end":{"line":31,"column":40}},"24":{"start":{"line":32,"column":0},"end":{"line":32,"column":40}},"25":{"start":{"line":33,"column":0},"end":{"line":33,"column":46}},"26":{"start":{"line":34,"column":0},"end":{"line":34,"column":42}},"27":{"start":{"line":36,"column":15},"end":{"line":36,"column":48}},"28":{"start":{"line":38,"column":14},"end":{"line":38,"column":47}},"29":{"start":{"line":40,"column":12},"end":{"line":40,"column":42}},"30":{"start":{"line":42,"column":15},"end":{"line":42,"column":48}},"31":{"start":{"line":44,"column":11},"end":{"line":44,"column":25}},"32":{"start":{"line":46,"column":12},"end":{"line":46,"column":40}},"33":{"start":{"line":48,"column":11},"end":{"line":48,"column":30}},"34":{"start":{"line":50,"column":10},"end":{"line":50,"column":39}},"35":{"start":{"line":52,"column":14},"end":{"line":52,"column":31}},"36":{"start":{"line":54,"column":15},"end":{"line":54,"column":46}},"37":{"start":{"line":56,"column":12},"end":{"line":56,"column":27}},"38":{"start":{"line":58,"column":40},"end":{"line":58,"column":267}},"39":{"start":{"line":58,"column":69},"end":{"line":58,"column":80}},"40":{"start":{"line":58,"column":103},"end":{"line":58,"column":105}},"41":{"start":{"line":58,"column":107},"end":{"line":58,"column":228}},"42":{"start":{"line":58,"column":126},"end":{"line":58,"column":226}},"43":{"start":{"line":58,"column":149},"end":{"line":58,"column":224}},"44":{"start":{"line":58,"column":201},"end":{"line":58,"column":224}},"45":{"start":{"line":58,"column":229},"end":{"line":58,"column":250}},"46":{"start":{"line":58,"column":251},"end":{"line":58,"column":265}},"47":{"start":{"line":60,"column":39},"end":{"line":60,"column":93}},"48":{"start":{"line":63,"column":2},"end":{"line":63,"column":67}},"49":{"start":{"line":63,"column":15},"end":{"line":63,"column":67}},"50":{"start":{"line":64,"column":2},"end":{"line":64,"column":35}},"51":{"start":{"line":67,"column":2},"end":{"line":70,"column":3}},"52":{"start":{"line":68,"column":4},"end":{"line":68,"column":110}},"53":{"start":{"line":69,"column":4},"end":{"line":69,"column":37}},"54":{"start":{"line":72,"column":2},"end":{"line":72,"column":21}},"55":{"start":{"line":76,"column":2},"end":{"line":76,"column":50}},"56":{"start":{"line":80,"column":2},"end":{"line":80,"column":81}},"57":{"start":{"line":84,"column":2},"end":{"line":84,"column":51}},"58":{"start":{"line":88,"column":2},"end":{"line":88,"column":34}},"59":{"start":{"line":92,"column":2},"end":{"line":92,"column":53}},"60":{"start":{"line":96,"column":14},"end":{"line":102,"column":3}},"61":{"start":{"line":104,"column":2},"end":{"line":104,"column":21}},"62":{"start":{"line":108,"column":2},"end":{"line":108,"column":28}},"63":{"start":{"line":108,"column":13},"end":{"line":108,"column":28}},"64":{"start":{"line":110,"column":14},"end":{"line":116,"column":3}},"65":{"start":{"line":118,"column":2},"end":{"line":118,"column":32}},"66":{"start":{"line":122,"column":14},"end":{"line":128,"column":3}},"67":{"start":{"line":130,"column":2},"end":{"line":130,"column":21}},"68":{"start":{"line":134,"column":34},"end":{"line":134,"column":38}},"69":{"start":{"line":135,"column":26},"end":{"line":135,"column":31}},"70":{"start":{"line":136,"column":23},"end":{"line":136,"column":32}},"71":{"start":{"line":138,"column":2},"end":{"line":158,"column":3}},"72":{"start":{"line":139,"column":4},"end":{"line":144,"column":5}},"73":{"start":{"line":140,"column":17},"end":{"line":140,"column":28}},"74":{"start":{"line":142,"column":6},"end":{"line":142,"column":56}},"75":{"start":{"line":142,"column":47},"end":{"line":142,"column":56}},"76":{"start":{"line":143,"column":6},"end":{"line":143,"column":92}},"77":{"start":{"line":143,"column":57},"end":{"line":143,"column":92}},"78":{"start":{"line":146,"column":4},"end":{"line":146,"column":29}},"79":{"start":{"line":147,"column":4},"end":{"line":147,"column":25}},"80":{"start":{"line":149,"column":4},"end":{"line":157,"column":5}},"81":{"start":{"line":150,"column":6},"end":{"line":152,"column":7}},"82":{"start":{"line":151,"column":8},"end":{"line":151,"column":27}},"83":{"start":{"line":154,"column":6},"end":{"line":156,"column":7}},"84":{"start":{"line":155,"column":8},"end":{"line":155,"column":29}},"85":{"start":{"line":160,"column":2},"end":{"line":160,"column":12}},"86":{"start":{"line":164,"column":2},"end":{"line":164,"column":25}},"87":{"start":{"line":168,"column":2},"end":{"line":168,"column":73}},"88":{"start":{"line":168,"column":61},"end":{"line":168,"column":73}},"89":{"start":{"line":169,"column":2},"end":{"line":169,"column":56}},"90":{"start":{"line":173,"column":11},"end":{"line":173,"column":82}},"91":{"start":{"line":175,"column":10},"end":{"line":175,"column":44}},"92":{"start":{"line":176,"column":2},"end":{"line":176,"column":35}},"93":{"start":{"line":180,"column":12},"end":{"line":180,"column":70}},"94":{"start":{"line":181,"column":2},"end":{"line":181,"column":46}},"95":{"start":{"line":181,"column":27},"end":{"line":181,"column":46}},"96":{"start":{"line":182,"column":2},"end":{"line":182,"column":97}},"97":{"start":{"line":186,"column":2},"end":{"line":186,"column":26}},"98":{"start":{"line":186,"column":16},"end":{"line":186,"column":26}},"99":{"start":{"line":187,"column":16},"end":{"line":187,"column":54}},"100":{"start":{"line":188,"column":14},"end":{"line":188,"column":50}},"101":{"start":{"line":190,"column":2},"end":{"line":193,"column":3}},"102":{"start":{"line":190,"column":27},"end":{"line":190,"column":54}},"103":{"start":{"line":190,"column":59},"end":{"line":193,"column":3}},"104":{"start":{"line":191,"column":15},"end":{"line":191,"column":70}},"105":{"start":{"line":192,"column":4},"end":{"line":192,"column":43}},"106":{"start":{"line":194,"column":12},"end":{"line":194,"column":65}},"107":{"start":{"line":195,"column":2},"end":{"line":195,"column":38}},"108":{"start":{"line":199,"column":2},"end":{"line":199,"column":32}},"109":{"start":{"line":199,"column":13},"end":{"line":199,"column":32}},"110":{"start":{"line":200,"column":14},"end":{"line":200,"column":32}},"111":{"start":{"line":201,"column":16},"end":{"line":201,"column":30}},"112":{"start":{"line":202,"column":2},"end":{"line":202,"column":28}},"113":{"start":{"line":203,"column":2},"end":{"line":203,"column":31}},"114":{"start":{"line":207,"column":12},"end":{"line":207,"column":24}},"115":{"start":{"line":208,"column":12},"end":{"line":208,"column":14}},"116":{"start":{"line":209,"column":2},"end":{"line":211,"column":3}},"117":{"start":{"line":210,"column":4},"end":{"line":210,"column":23}},"118":{"start":{"line":211,"column":3},"end":{"line":211,"column":30}},"119":{"start":{"line":215,"column":10},"end":{"line":215,"column":38}},"120":{"start":{"line":216,"column":10},"end":{"line":216,"column":31}},"121":{"start":{"line":217,"column":10},"end":{"line":217,"column":46}},"122":{"start":{"line":218,"column":10},"end":{"line":218,"column":17}},"123":{"start":{"line":219,"column":10},"end":{"line":219,"column":25}},"124":{"start":{"line":220,"column":10},"end":{"line":220,"column":22}},"125":{"start":{"line":221,"column":2},"end":{"line":221,"column":163}},"126":{"start":{"line":225,"column":10},"end":{"line":225,"column":35}},"127":{"start":{"line":226,"column":10},"end":{"line":226,"column":35}},"128":{"start":{"line":227,"column":11},"end":{"line":227,"column":18}},"129":{"start":{"line":228,"column":11},"end":{"line":228,"column":26}},"130":{"start":{"line":229,"column":11},"end":{"line":229,"column":23}},"131":{"start":{"line":230,"column":11},"end":{"line":230,"column":18}},"132":{"start":{"line":231,"column":11},"end":{"line":231,"column":26}},"133":{"start":{"line":232,"column":11},"end":{"line":232,"column":23}},"134":{"start":{"line":233,"column":2},"end":{"line":233,"column":172}},"135":{"start":{"line":237,"column":2},"end":{"line":237,"column":64}},"136":{"start":{"line":241,"column":2},"end":{"line":241,"column":65}},"137":{"start":{"line":245,"column":15},"end":{"line":245,"column":85}},"138":{"start":{"line":247,"column":2},"end":{"line":247,"column":51}},"139":{"start":{"line":247,"column":31},"end":{"line":247,"column":51}},"140":{"start":{"line":249,"column":12},"end":{"line":249,"column":14}},"141":{"start":{"line":250,"column":35},"end":{"line":250,"column":39}},"142":{"start":{"line":251,"column":27},"end":{"line":251,"column":32}},"143":{"start":{"line":252,"column":24},"end":{"line":252,"column":33}},"144":{"start":{"line":254,"column":2},"end":{"line":305,"column":3}},"145":{"start":{"line":255,"column":16},"end":{"line":287,"column":5}},"146":{"start":{"line":256,"column":22},"end":{"line":256,"column":34}},"147":{"start":{"line":258,"column":6},"end":{"line":286,"column":8}},"148":{"start":{"line":259,"column":18},"end":{"line":259,"column":23}},"149":{"start":{"line":260,"column":41},"end":{"line":260,"column":45}},"150":{"start":{"line":261,"column":33},"end":{"line":261,"column":38}},"151":{"start":{"line":262,"column":30},"end":{"line":262,"column":39}},"152":{"start":{"line":264,"column":8},"end":{"line":283,"column":9}},"153":{"start":{"line":265,"column":10},"end":{"line":269,"column":11}},"154":{"start":{"line":266,"column":22},"end":{"line":266,"column":34}},"155":{"start":{"line":268,"column":12},"end":{"line":268,"column":27}},"156":{"start":{"line":271,"column":10},"end":{"line":271,"column":36}},"157":{"start":{"line":272,"column":10},"end":{"line":272,"column":32}},"158":{"start":{"line":274,"column":10},"end":{"line":282,"column":11}},"159":{"start":{"line":275,"column":12},"end":{"line":277,"column":13}},"160":{"start":{"line":276,"column":14},"end":{"line":276,"column":34}},"161":{"start":{"line":279,"column":12},"end":{"line":281,"column":13}},"162":{"start":{"line":280,"column":14},"end":{"line":280,"column":36}},"163":{"start":{"line":285,"column":8},"end":{"line":285,"column":30}},"164":{"start":{"line":289,"column":4},"end":{"line":291,"column":5}},"165":{"start":{"line":290,"column":6},"end":{"line":290,"column":14}},"166":{"start":{"line":293,"column":4},"end":{"line":293,"column":30}},"167":{"start":{"line":294,"column":4},"end":{"line":294,"column":26}},"168":{"start":{"line":296,"column":4},"end":{"line":304,"column":5}},"169":{"start":{"line":297,"column":6},"end":{"line":299,"column":7}},"170":{"start":{"line":298,"column":8},"end":{"line":298,"column":28}},"171":{"start":{"line":301,"column":6},"end":{"line":303,"column":7}},"172":{"start":{"line":302,"column":8},"end":{"line":302,"column":30}},"173":{"start":{"line":307,"column":2},"end":{"line":307,"column":34}},"174":{"start":{"line":311,"column":2},"end":{"line":311,"column":16}},"175":{"start":{"line":315,"column":2},"end":{"line":315,"column":52}},"176":{"start":{"line":319,"column":2},"end":{"line":319,"column":50}}},"fnMap":{"0":{"name":"_interopRequireWildcard","decl":{"start":{"line":58,"column":9},"end":{"line":58,"column":32}},"loc":{"start":{"line":58,"column":38},"end":{"line":58,"column":269}},"line":58},"1":{"name":"_interopRequireDefault","decl":{"start":{"line":60,"column":9},"end":{"line":60,"column":31}},"loc":{"start":{"line":60,"column":37},"end":{"line":60,"column":95}},"line":60},"2":{"name":"getScoringString","decl":{"start":{"line":62,"column":9},"end":{"line":62,"column":25}},"loc":{"start":{"line":62,"column":41},"end":{"line":65,"column":1}},"line":62},"3":{"name":"getScoringClassFromString","decl":{"start":{"line":66,"column":9},"end":{"line":66,"column":34}},"loc":{"start":{"line":66,"column":39},"end":{"line":73,"column":1}},"line":66},"4":{"name":"getScoringClass","decl":{"start":{"line":75,"column":9},"end":{"line":75,"column":24}},"loc":{"start":{"line":75,"column":40},"end":{"line":77,"column":1}},"line":75},"5":{"name":"getScoring","decl":{"start":{"line":79,"column":9},"end":{"line":79,"column":19}},"loc":{"start":{"line":79,"column":35},"end":{"line":81,"column":1}},"line":79},"6":{"name":"getScoringFromString","decl":{"start":{"line":83,"column":9},"end":{"line":83,"column":29}},"loc":{"start":{"line":83,"column":34},"end":{"line":85,"column":1}},"line":83},"7":{"name":"getHumanVerdict","decl":{"start":{"line":87,"column":9},"end":{"line":87,"column":24}},"loc":{"start":{"line":87,"column":28},"end":{"line":89,"column":1}},"line":87},"8":{"name":"getVerdictTag","decl":{"start":{"line":91,"column":9},"end":{"line":91,"column":22}},"loc":{"start":{"line":91,"column":26},"end":{"line":93,"column":1}},"line":91},"9":{"name":"getCodeMirrorMode","decl":{"start":{"line":95,"column":9},"end":{"line":95,"column":26}},"loc":{"start":{"line":95,"column":33},"end":{"line":105,"column":1}},"line":95},"10":{"name":"getBraceMode","decl":{"start":{"line":107,"column":9},"end":{"line":107,"column":21}},"loc":{"start":{"line":107,"column":28},"end":{"line":119,"column":1}},"line":107},"11":{"name":"getHlsMode","decl":{"start":{"line":121,"column":9},"end":{"line":121,"column":19}},"loc":{"start":{"line":121,"column":26},"end":{"line":131,"column":1}},"line":121},"12":{"name":"getMainVerdict","decl":{"start":{"line":133,"column":9},"end":{"line":133,"column":23}},"loc":{"start":{"line":133,"column":40},"end":{"line":161,"column":1}},"line":133},"13":{"name":"getPassed","decl":{"start":{"line":163,"column":9},"end":{"line":163,"column":18}},"loc":{"start":{"line":163,"column":22},"end":{"line":165,"column":1}},"line":163},"14":{"name":"getExecTime","decl":{"start":{"line":167,"column":9},"end":{"line":167,"column":20}},"loc":{"start":{"line":167,"column":30},"end":{"line":170,"column":1}},"line":167},"15":{"name":"pad","decl":{"start":{"line":172,"column":9},"end":{"line":172,"column":12}},"loc":{"start":{"line":172,"column":22},"end":{"line":177,"column":1}},"line":172},"16":{"name":"getCountdown","decl":{"start":{"line":179,"column":9},"end":{"line":179,"column":21}},"loc":{"start":{"line":179,"column":25},"end":{"line":183,"column":1}},"line":179},"17":{"name":"getRemainingTime","decl":{"start":{"line":185,"column":9},"end":{"line":185,"column":25}},"loc":{"start":{"line":185,"column":35},"end":{"line":196,"column":1}},"line":185},"18":{"name":"getFormattedContestTime","decl":{"start":{"line":198,"column":9},"end":{"line":198,"column":32}},"loc":{"start":{"line":198,"column":36},"end":{"line":204,"column":1}},"line":198},"19":{"name":"normalizeHexColor","decl":{"start":{"line":206,"column":9},"end":{"line":206,"column":26}},"loc":{"start":{"line":206,"column":30},"end":{"line":212,"column":1}},"line":206},"20":{"name":"shadeColor2","decl":{"start":{"line":214,"column":9},"end":{"line":214,"column":20}},"loc":{"start":{"line":214,"column":37},"end":{"line":222,"column":1}},"line":214},"21":{"name":"blendColors","decl":{"start":{"line":224,"column":9},"end":{"line":224,"column":20}},"loc":{"start":{"line":224,"column":32},"end":{"line":234,"column":1}},"line":224},"22":{"name":"lighten","decl":{"start":{"line":236,"column":9},"end":{"line":236,"column":16}},"loc":{"start":{"line":236,"column":20},"end":{"line":238,"column":1}},"line":236},"23":{"name":"darken","decl":{"start":{"line":240,"column":9},"end":{"line":240,"column":15}},"loc":{"start":{"line":240,"column":19},"end":{"line":242,"column":1}},"line":240},"24":{"name":"mapModuleState","decl":{"start":{"line":244,"column":9},"end":{"line":244,"column":23}},"loc":{"start":{"line":244,"column":33},"end":{"line":308,"column":1}},"line":244},"25":{"name":"_loop","decl":{"start":{"line":255,"column":25},"end":{"line":255,"column":30}},"loc":{"start":{"line":255,"column":33},"end":{"line":287,"column":5}},"line":255},"26":{"name":"(anonymous_26)","decl":{"start":{"line":258,"column":23},"end":{"line":258,"column":24}},"loc":{"start":{"line":258,"column":40},"end":{"line":286,"column":7}},"line":258},"27":{"name":"getTooltipText","decl":{"start":{"line":310,"column":9},"end":{"line":310,"column":23}},"loc":{"start":{"line":310,"column":27},"end":{"line":312,"column":1}},"line":310},"28":{"name":"hasContestStarted","decl":{"start":{"line":314,"column":9},"end":{"line":314,"column":26}},"loc":{"start":{"line":314,"column":36},"end":{"line":316,"column":1}},"line":314},"29":{"name":"hasContestEnded","decl":{"start":{"line":318,"column":9},"end":{"line":318,"column":24}},"loc":{"start":{"line":318,"column":34},"end":{"line":320,"column":1}},"line":318}},"branchMap":{"0":{"loc":{"start":{"line":58,"column":40},"end":{"line":58,"column":267}},"type":"if","locations":[{"start":{"line":58,"column":40},"end":{"line":58,"column":267}},{"start":{"line":58,"column":40},"end":{"line":58,"column":267}}],"line":58},"1":{"loc":{"start":{"line":58,"column":44},"end":{"line":58,"column":65}},"type":"binary-expr","locations":[{"start":{"line":58,"column":44},"end":{"line":58,"column":47}},{"start":{"line":58,"column":51},"end":{"line":58,"column":65}}],"line":58},"2":{"loc":{"start":{"line":58,"column":107},"end":{"line":58,"column":228}},"type":"if","locations":[{"start":{"line":58,"column":107},"end":{"line":58,"column":228}},{"start":{"line":58,"column":107},"end":{"line":58,"column":228}}],"line":58},"3":{"loc":{"start":{"line":58,"column":149},"end":{"line":58,"column":224}},"type":"if","locations":[{"start":{"line":58,"column":149},"end":{"line":58,"column":224}},{"start":{"line":58,"column":149},"end":{"line":58,"column":224}}],"line":58},"4":{"loc":{"start":{"line":60,"column":46},"end":{"line":60,"column":92}},"type":"cond-expr","locations":[{"start":{"line":60,"column":70},"end":{"line":60,"column":73}},{"start":{"line":60,"column":76},"end":{"line":60,"column":92}}],"line":60},"5":{"loc":{"start":{"line":60,"column":46},"end":{"line":60,"column":67}},"type":"binary-expr","locations":[{"start":{"line":60,"column":46},"end":{"line":60,"column":49}},{"start":{"line":60,"column":53},"end":{"line":60,"column":67}}],"line":60},"6":{"loc":{"start":{"line":63,"column":2},"end":{"line":63,"column":67}},"type":"if","locations":[{"start":{"line":63,"column":2},"end":{"line":63,"column":67}},{"start":{"line":63,"column":2},"end":{"line":63,"column":67}}],"line":63},"7":{"loc":{"start":{"line":63,"column":22},"end":{"line":63,"column":66}},"type":"binary-expr","locations":[{"start":{"line":63,"column":22},"end":{"line":63,"column":37}},{"start":{"line":63,"column":41},"end":{"line":63,"column":66}}],"line":63},"8":{"loc":{"start":{"line":67,"column":2},"end":{"line":70,"column":3}},"type":"if","locations":[{"start":{"line":67,"column":2},"end":{"line":70,"column":3}},{"start":{"line":67,"column":2},"end":{"line":70,"column":3}}],"line":67},"9":{"loc":{"start":{"line":92,"column":18},"end":{"line":92,"column":51}},"type":"binary-expr","locations":[{"start":{"line":92,"column":18},"end":{"line":92,"column":40}},{"start":{"line":92,"column":44},"end":{"line":92,"column":51}}],"line":92},"10":{"loc":{"start":{"line":108,"column":2},"end":{"line":108,"column":28}},"type":"if","locations":[{"start":{"line":108,"column":2},"end":{"line":108,"column":28}},{"start":{"line":108,"column":2},"end":{"line":108,"column":28}}],"line":108},"11":{"loc":{"start":{"line":118,"column":9},"end":{"line":118,"column":31}},"type":"binary-expr","locations":[{"start":{"line":118,"column":9},"end":{"line":118,"column":20}},{"start":{"line":118,"column":24},"end":{"line":118,"column":31}}],"line":118},"12":{"loc":{"start":{"line":142,"column":6},"end":{"line":142,"column":56}},"type":"if","locations":[{"start":{"line":142,"column":6},"end":{"line":142,"column":56}},{"start":{"line":142,"column":6},"end":{"line":142,"column":56}}],"line":142},"13":{"loc":{"start":{"line":143,"column":6},"end":{"line":143,"column":92}},"type":"if","locations":[{"start":{"line":143,"column":6},"end":{"line":143,"column":92}},{"start":{"line":143,"column":6},"end":{"line":143,"column":92}}],"line":143},"14":{"loc":{"start":{"line":150,"column":6},"end":{"line":152,"column":7}},"type":"if","locations":[{"start":{"line":150,"column":6},"end":{"line":152,"column":7}},{"start":{"line":150,"column":6},"end":{"line":152,"column":7}}],"line":150},"15":{"loc":{"start":{"line":150,"column":10},"end":{"line":150,"column":56}},"type":"binary-expr","locations":[{"start":{"line":150,"column":10},"end":{"line":150,"column":36}},{"start":{"line":150,"column":40},"end":{"line":150,"column":56}}],"line":150},"16":{"loc":{"start":{"line":154,"column":6},"end":{"line":156,"column":7}},"type":"if","locations":[{"start":{"line":154,"column":6},"end":{"line":156,"column":7}},{"start":{"line":154,"column":6},"end":{"line":156,"column":7}}],"line":154},"17":{"loc":{"start":{"line":164,"column":9},"end":{"line":164,"column":24}},"type":"cond-expr","locations":[{"start":{"line":164,"column":17},"end":{"line":164,"column":20}},{"start":{"line":164,"column":23},"end":{"line":164,"column":24}}],"line":164},"18":{"loc":{"start":{"line":168,"column":2},"end":{"line":168,"column":73}},"type":"if","locations":[{"start":{"line":168,"column":2},"end":{"line":168,"column":73}},{"start":{"line":168,"column":2},"end":{"line":168,"column":73}}],"line":168},"19":{"loc":{"start":{"line":168,"column":6},"end":{"line":168,"column":59}},"type":"binary-expr","locations":[{"start":{"line":168,"column":6},"end":{"line":168,"column":19}},{"start":{"line":168,"column":23},"end":{"line":168,"column":59}}],"line":168},"20":{"loc":{"start":{"line":173,"column":11},"end":{"line":173,"column":82}},"type":"cond-expr","locations":[{"start":{"line":173,"column":64},"end":{"line":173,"column":76}},{"start":{"line":173,"column":79},"end":{"line":173,"column":82}}],"line":173},"21":{"loc":{"start":{"line":173,"column":11},"end":{"line":173,"column":61}},"type":"binary-expr","locations":[{"start":{"line":173,"column":11},"end":{"line":173,"column":31}},{"start":{"line":173,"column":35},"end":{"line":173,"column":61}}],"line":173},"22":{"loc":{"start":{"line":181,"column":2},"end":{"line":181,"column":46}},"type":"if","locations":[{"start":{"line":181,"column":2},"end":{"line":181,"column":46}},{"start":{"line":181,"column":2},"end":{"line":181,"column":46}}],"line":181},"23":{"loc":{"start":{"line":186,"column":2},"end":{"line":186,"column":26}},"type":"if","locations":[{"start":{"line":186,"column":2},"end":{"line":186,"column":26}},{"start":{"line":186,"column":2},"end":{"line":186,"column":26}}],"line":186},"24":{"loc":{"start":{"line":190,"column":2},"end":{"line":193,"column":3}},"type":"if","locations":[{"start":{"line":190,"column":2},"end":{"line":193,"column":3}},{"start":{"line":190,"column":2},"end":{"line":193,"column":3}}],"line":190},"25":{"loc":{"start":{"line":190,"column":59},"end":{"line":193,"column":3}},"type":"if","locations":[{"start":{"line":190,"column":59},"end":{"line":193,"column":3}},{"start":{"line":190,"column":59},"end":{"line":193,"column":3}}],"line":190},"26":{"loc":{"start":{"line":199,"column":2},"end":{"line":199,"column":32}},"type":"if","locations":[{"start":{"line":199,"column":2},"end":{"line":199,"column":32}},{"start":{"line":199,"column":2},"end":{"line":199,"column":32}}],"line":199},"27":{"loc":{"start":{"line":216,"column":10},"end":{"line":216,"column":31}},"type":"cond-expr","locations":[{"start":{"line":216,"column":24},"end":{"line":216,"column":25}},{"start":{"line":216,"column":28},"end":{"line":216,"column":31}}],"line":216},"28":{"loc":{"start":{"line":217,"column":10},"end":{"line":217,"column
[...]
umn":6}},"13":{"start":{"line":41,"column":6},"end":{"line":41,"column":40}},"14":{"start":{"line":51,"column":6},"end":{"line":51,"column":48}},"15":{"start":{"line":62,"column":6},"end":{"line":62,"column":26}},"16":{"start":{"line":73,"column":6},"end":{"line":73,"column":36}},"17":{"start":{"line":84,"column":6},"end":{"line":84,"column":40}},"18":{"start":{"line":94,"column":6},"end":{"line":94,"column":32}},"19":{"start":{"line":104,"column":6},"end":{"line":108,"column":7}},"20":{"start":{"line":105,"column":8},"end":{"line":105,"column":41}},"21":{"start":{"line":107,"column":8},"end":{"line":107,"column":17}},"22":{"start":{"line":118,"column":6},"end":{"line":122,"column":7}},"23":{"start":{"line":119,"column":8},"end":{"line":119,"column":44}},"24":{"start":{"line":121,"column":8},"end":{"line":121,"column":19}},"25":{"start":{"line":127,"column":6},"end":{"line":127,"column":35}},"26":{"start":{"line":137,"column":6},"end":{"line":141,"column":7}},"27":{"start":{"line":138,"column":8},"end":{"line":138,"column":39}},"28":{"start":{"line":140,"column":8},"end":{"line":140,"column":19}},"29":{"start":{"line":146,"column":6},"end":{"line":146,"column":50}},"30":{"start":{"line":151,"column":21},"end":{"line":151,"column":39}},"31":{"start":{"line":152,"column":6},"end":{"line":152,"column":48}},"32":{"start":{"line":152,"column":36},"end":{"line":152,"column":48}},"33":{"start":{"line":154,"column":6},"end":{"line":154,"column":29}},"34":{"start":{"line":159,"column":21},"end":{"line":159,"column":39}},"35":{"start":{"line":160,"column":38},"end":{"line":160,"column":42}},"36":{"start":{"line":161,"column":30},"end":{"line":161,"column":35}},"37":{"start":{"line":162,"column":27},"end":{"line":162,"column":36}},"38":{"start":{"line":164,"column":6},"end":{"line":183,"column":7}},"39":{"start":{"line":165,"column":8},"end":{"line":169,"column":9}},"40":{"start":{"line":166,"column":24},"end":{"line":166,"column":35}},"41":{"start":{"line":168,"column":10},"end":{"line":168,"column":52}},"42":{"start":{"line":168,"column":37},"end":{"line":168,"column":52}},"43":{"start":{"line":171,"column":8},"end":{"line":171,"column":33}},"44":{"start":{"line":172,"column":8},"end":{"line":172,"column":29}},"45":{"start":{"line":174,"column":8},"end":{"line":182,"column":9}},"46":{"start":{"line":175,"column":10},"end":{"line":177,"column":11}},"47":{"start":{"line":176,"column":12},"end":{"line":176,"column":31}},"48":{"start":{"line":179,"column":10},"end":{"line":181,"column":11}},"49":{"start":{"line":180,"column":12},"end":{"line":180,"column":33}},"50":{"start":{"line":185,"column":6},"end":{"line":185,"column":18}},"51":{"start":{"line":195,"column":6},"end":{"line":195,"column":42}},"52":{"start":{"line":200,"column":6},"end":{"line":200,"column":44}},"53":{"start":{"line":200,"column":32},"end":{"line":200,"column":44}},"54":{"start":{"line":201,"column":6},"end":{"line":201,"column":33}},"55":{"start":{"line":206,"column":16},"end":{"line":206,"column":35}},"56":{"start":{"line":207,"column":39},"end":{"line":207,"column":43}},"57":{"start":{"line":208,"column":31},"end":{"line":208,"column":36}},"58":{"start":{"line":209,"column":28},"end":{"line":209,"column":37}},"59":{"start":{"line":211,"column":6},"end":{"line":230,"column":7}},"60":{"start":{"line":212,"column":8},"end":{"line":216,"column":9}},"61":{"start":{"line":213,"column":24},"end":{"line":213,"column":36}},"62":{"start":{"line":215,"column":10},"end":{"line":215,"column":35}},"63":{"start":{"line":218,"column":8},"end":{"line":218,"column":34}},"64":{"start":{"line":219,"column":8},"end":{"line":219,"column":30}},"65":{"start":{"line":221,"column":8},"end":{"line":229,"column":9}},"66":{"start":{"line":222,"column":10},"end":{"line":224,"column":11}},"67":{"start":{"line":223,"column":12},"end":{"line":223,"column":32}},"68":{"start":{"line":226,"column":10},"end":{"line":228,"column":11}},"69":{"start":{"line":227,"column":12},"end":{"line":227,"column":34}},"70":{"start":{"line":232,"column":6},"end":{"line":232,"column":17}},"71":{"start":{"line":235,"column":2},"end":{"line":235,"column":14}},"72":{"start":{"line":238,"column":0},"end":{"line":238,"column":32}}},"fnMap":{"0":{"name":"_interopRequireDefault","decl":{"start":{"line":15,"column":9},"end":{"line":15,"column":31}},"loc":{"start":{"line":15,"column":37},"end":{"line":15,"column":95}},"line":15},"1":{"name":"(anonymous_1)","decl":{"start":{"line":24,"column":11},"end":{"line":24,"column":12}},"loc":{"start":{"line":24,"column":23},"end":{"line":236,"column":1}},"line":24},"2":{"name":"Task","decl":{"start":{"line":25,"column":11},"end":{"line":25,"column":15}},"loc":{"start":{"line":25,"column":22},"end":{"line":29,"column":3}},"line":25},"3":{"name":"getScoringClass","decl":{"start":{"line":40,"column":20},"end":{"line":40,"column":35}},"loc":{"start":{"line":40,"column":38},"end":{"line":42,"column":5}},"line":40},"4":{"name":"getScoring","decl":{"start":{"line":50,"column":20},"end":{"line":50,"column":30}},"loc":{"start":{"line":50,"column":33},"end":{"line":52,"column":5}},"line":50},"5":{"name":"getDirectory","decl":{"start":{"line":61,"column":20},"end":{"line":61,"column":32}},"loc":{"start":{"line":61,"column":35},"end":{"line":63,"column":5}},"line":61},"6":{"name":"getChecker","decl":{"start":{"line":72,"column":20},"end":{"line":72,"column":30}},"loc":{"start":{"line":72,"column":33},"end":{"line":74,"column":5}},"line":72},"7":{"name":"getCheckerLanguage","decl":{"start":{"line":83,"column":20},"end":{"line":83,"column":38}},"loc":{"start":{"line":83,"column":41},"end":{"line":85,"column":5}},"line":83},"8":{"name":"getDatasets","decl":{"start":{"line":93,"column":20},"end":{"line":93,"column":31}},"loc":{"start":{"line":93,"column":34},"end":{"line":95,"column":5}},"line":93},"9":{"name":"getDatasetsCount","decl":{"start":{"line":103,"column":20},"end":{"line":103,"column":36}},"loc":{"start":{"line":103,"column":39},"end":{"line":109,"column":5}},"line":103},"10":{"name":"getTimelimit","decl":{"start":{"line":117,"column":20},"end":{"line":117,"column":32}},"loc":{"start":{"line":117,"column":35},"end":{"line":123,"column":5}},"line":117},"11":{"name":"getTimelimitMs","decl":{"start":{"line":126,"column":20},"end":{"line":126,"column":34}},"loc":{"start":{"line":126,"column":37},"end":{"line":128,"column":5}},"line":126},"12":{"name":"getMemorylimit","decl":{"start":{"line":136,"column":20},"end":{"line":136,"column":34}},"loc":{"start":{"line":136,"column":37},"end":{"line":142,"column":5}},"line":136},"13":{"name":"getWeight","decl":{"start":{"line":145,"column":20},"end":{"line":145,"column":29}},"loc":{"start":{"line":145,"column":32},"end":{"line":147,"column":5}},"line":145},"14":{"name":"getDataset","decl":{"start":{"line":150,"column":20},"end":{"line":150,"column":30}},"loc":{"start":{"line":150,"column":38},"end":{"line":155,"column":5}},"line":150},"15":{"name":"getDatasetFromName","decl":{"start":{"line":158,"column":20},"end":{"line":158,"column":38}},"loc":{"start":{"line":158,"column":45},"end":{"line":186,"column":5}},"line":158},"16":{"name":"hasStatement","decl":{"start":{"line":194,"column":20},"end":{"line":194,"column":32}},"loc":{"start":{"line":194,"column":35},"end":{"line":196,"column":5}},"line":194},"17":{"name":"getStatement","decl":{"start":{"line":199,"column":20},"end":{"line":199,"column":32}},"loc":{"start":{"line":199,"column":35},"end":{"line":202,"column":5}},"line":199},"18":{"name":"toJSON","decl":{"start":{"line":205,"column":20},"end":{"line":205,"column":26}},"loc":{"start":{"line":205,"column":29},"end":{"line":233,"column":5}},"line":205}},"branchMap":{"0":{"loc":{"start":{"line":15,"column":46},"end":{"line":15,"column":92}},"type":"cond-expr","locations":[{"start":{"line":15,"column":70},"end":{"line":15,"column":73}},{"start":{"line":15,"column":76},"end":{"line":15,"column":92}}],"line":15},"1":{"loc":{"start":{"line":15,"column":46},"end":{"line":15,"column":67}},"type":"binary-expr","locations":[{"start":{"line":15,"column":46},"end":{"line":15,"column":49}},{"start":{"line":15,"column":53},"end":{"line":15,"column":67}}],"line":15},"2":{"loc":{"start":{"line":146,"column":13},"end":{"line":146,"column":49}},"type":"binary-expr","locations":[{"start":{"line":146,"column":13},"end":{"line":146,"column":24}},{"start":{"line":146,"column":28},"end":{"line":146,"column":44}},{"start":{"line":146,"column":48},"end":{"line":146,"column":49}}],"line":146},"3":{"loc":{"start":{"line":152,"column":6},"end":{"line":152,"column":48}},"type":"if","locations":[{"start":{"line":152,"column":6},"end":{"line":152,"column":48}},{"start":{"line":152,"column":6},"end":{"line":152,"column":48}}],"line":152},"4":{"loc":{"start":{"line":168,"column":10},"end":{"line":168,"column":52}},"type":"if","locations":[{"start":{"line":168,"column":10},"end":{"line":168,"column":52}},{"start":{"line":168,"column":10},"end":{"line":168,"column":52}}],"line":168},"5":{"loc":{"start":{"line":175,"column":10},"end":{"line":177,"column":11}},"type":"if","locations":[{"start":{"line":175,"column":10},"end":{"line":177,"column":11}},{"start":{"line":175,"column":10},"end":{"line":177,"column":11}}],"line":175},"6":{"loc":{"start":{"line":175,"column":14},"end":{"line":175,"column":60}},"type":"binary-expr","locations":[{"start":{"line":175,"column":14},"end":{"line":175,"column":40}},{"start":{"line":175,"column":44},"end":{"line":175,"column":60}}],"line":175},"7":{"loc":{"start":{"line":179,"column":10},"end":{"line":181,"column":11}},"type":"if","locations":[{"start":{"line":179,"column":10},"end":{"line":181,"column":11}},{"start":{"line":179,"column":10},"end":{"line":181,"column":11}}],"line":179},"8":{"loc":{"start":{"line":200,"column":6},"end":{"line":200,"column":44}},"type":"if","locations":[{"start":{"line":200,"column":6},"end":{"line":200,"column":44}},{"start":{"line":200,"column":6},"end":{"line":200,"column":44}}],"line":200},"9":{"loc":{"start":{"line":222,"column":10},"end":{"line":224,"column":11}},"type":"if","locations":[{"start":{"line":222,"column":10},"end":{"line":224,"column":11}},{"start":{"line":222,"column":10},"end":{"line":224,"column":11}}],"line":222},"10":{"loc":{"start":{"line":222,"column":14},"end":{"line":222,"column":62}},"type":"binary-expr","locations":[{"start":{"line":222,"column":14},"end":{"line":222,"column":41}},{"start":{"line":222,"column":45},"end":{"line":222,"column":62}}],"line":222},"11":{"loc":{"start":{"line":226,"column":10},"end":{"line":228,"column":11}},"type":"if","locations":[{"start":{"line":226,"column":10},"end":{"line":228,"column":11}},{"start":{"line":226,"column":10},"end":{"line":228,"column":11}}],"line":226}},"s":{"0":1,"1":1,"2":1,"3":1,"4":1,"5":1,"6":3,"7":1,"8":1,"9":1,"10":0,"11":0,"12":1,"13":0,"14":0,"15":0,"16":0,"17":0,"18":0,"19":0,"20":0,"21":0,"22":0,"23":0,"24":0,"25":0,"26":0,"27":0,"28":0,"29":0,"30":0,"31":0,"32":0,"33":0,"34":0,"35":0,"36":0,"37":0,"38":0,"39":0,"40":0,"41":0,"42":0,"43":0,"44":0,"45":0,"46":0,"47":0,"48":0,"49":0,"50":0,"51":0,"52":0,"53":0,"54":0,"55":0,"56":0,"57":0,"58":0,"59":0,"60":0,"61":0,"62":0,"63":0,"64":0,"65":0,"66":0,"67":0,"68":0,"69":0,"70":0,"71":1,"72":1},"f":{"0":3,"1":1,"2":0,"3":0,"4":0,"5":0,"6":0,"7":0,"8":0,"9":0,"10":0,"11":0,"12":0,"13":0,"14":0,"15":0,"16":0,"17":0,"18":0},"b":{"0":[3,0],"1":[3,3],"2":[0,0,0],"3":[0,0],"4":[0,0],"5":[0,0],"6":[0,0],"7":[0,0],"8":[0,0],"9":[0,0],"10":[0,0],"11":[0,0]},"_coverageSchema":"332fd63041d2c1bcb487cc26dd0d5f7d97098a6c","hash":"fad5b280dc7f5fa4b60db9591298f8b168cf654c","contentHash":"41c505ef018c48b2ff118bf4b8f8e0ec_11.6.0"},"/home/rsalesc/Dev/jude/judge/verdict.js":{"path":"/home/rsalesc/Dev/jude/judge/verdict.js","statementMap":{"0":{"start":{"line":3,"column":14},"end":{"line":3,"column":60}},"1":{"start":{"line":5,"column":15},"end":{"line":5,"column":46}},"2":{"start":{"line":7,"column":23},"end":{"line":7,"column":70}},"3":{"start":{"line":9,"column":23},"end":{"line":9,"column":63}},"4":{"start":{"line":11,"column":20},"end":{"line":11,"column":64}},"5":{"start":{"line":13,"column":20},"end":{"line":13,"column":57}},"6":{"start":{"line":15,"column":39},"end":{"line":15,"column":93}},"7":{"start":{"line":17,"column":19},"end":{"line":39,"column":1}},"8":{"start":{"line":41,"column":17},"end":{"line":63,"column":1}},"9":{"start":{"line":65,"column":14},"end":{"line":125,"column":3}},"10":{"start":{"line":67,"column":17},"end":{"line":67,"column":87}},"11":{"start":{"line":68,"column":15},"end":{"line":68,"column":85}},"12":{"start":{"line":69,"column":4},"end":{"line":69,"column":49}},"13":{"start":{"line":71,"column":4},"end":{"line":71,"column":28}},"14":{"start":{"line":72,"column":4},"end":{"line":72,"column":27}},"15":{"start":{"line":73,"column":4},"end":{"line":73,"column":25}},"16":{"start":{"line":74,"column":4},"end":{"line":74,"column":19}},"17":{"start":{"line":75,"column":4},"end":{"line":75,"column":133}},"18":{"start":{"line":75,"column":34},"end":{"line":75,"column":83}},"19":{"start":{"line":75,"column":88},"end":{"line":75,"column":133}},"20":{"start":{"line":78,"column":2},"end":{"line":123,"column":6}},"21":{"start":{"line":81,"column":6},"end":{"line":81,"column":30}},"22":{"start":{"line":86,"column":6},"end":{"line":86,"column":34}},"23":{"start":{"line":91,"column":6},"end":{"line":91,"column":26}},"24":{"start":{"line":96,"column":6},"end":{"line":96,"column":99}},"25":{"start":{"line":101,"column":6},"end":{"line":101,"column":24}},"26":{"start":{"line":106,"column":6},"end":{"line":106,"column":38}},"27":{"start":{"line":111,"column":6},"end":{"line":116,"column":8}},"28":{"start":{"line":121,"column":6},"end":{"line":121,"column":92}},"29":{"start":{"line":124,"column":2},"end":{"line":124,"column":17}},"30":{"start":{"line":127,"column":0},"end":{"line":131,"column":2}}},"fnMap":{"0":{"name":"_interopRequireDefault","decl":{"start":{"line":15,"column":9},"end":{"line":15,"column":31}},"loc":{"start":{"line":15,"column":37},"end":{"line":15,"column":95}},"line":15},"1":{"name":"(anonymous_1)","decl":{"start":{"line":65,"column":14},"end":{"line":65,"column":15}},"loc":{"start":{"line":65,"column":26},"end":{"line":125,"column":1}},"line":65},"2":{"name":"Verdict","decl":{"start":{"line":66,"column":11},"end":{"line":66,"column":18}},"loc":{"start":{"line":66,"column":35},"end":{"line":76,"column":3}},"line":66},"3":{"name":"wasExecuted","decl":{"start":{"line":80,"column":20},"end":{"line":80,"column":31}},"loc":{"start":{"line":80,"column":34},"end":{"line":82,"column":5}},"line":80},"4":{"name":"getTextInfo","decl":{"start":{"line":85,"column":20},"end":{"line":85,"column":31}},"loc":{"start":{"line":85,"column":34},"end":{"line":87,"column":5}},"line":85},"5":{"name":"getVerdictCode","decl":{"start":{"line":90,"column":20},"end":{"line":90,"column":34}},"loc":{"start":{"line":90,"column":37},"end":{"line":92,"column":5}},"line":90},"6":{"name":"getVerdictText","decl":{"start":{"line":95,"column":20},"end":{"line":95,"column":34}},"loc":{"start":{"line":95,"column":37},"end":{"line":97,"column":5}},"line":95},"7":{"name":"getScore","decl":{"start":{"line":100,"column":20},"end":{"line":100,"column":28}},"loc":{"start":{"line":100,"column":31},"end":{"line":102,"column":5}},"line":100},"8":{"name":"getPassed","decl":{"start":{"line":105,"column":20},"end":{"line":105,"column":29}},"loc":{"start":{"line":105,"column":32},"end":{"line":107,"column":5}},"line":105},"9":{"name":"toJSON","decl":{"start":{"line":110,"column":20},"end":{"line":110,"column":26}},"loc":{"start":{"line":110,"column":29},"end":{"line":117,"column":5}},"line":110},"10":{"name":"fromJSON","decl":{"start":{"line":120,"column":20},"end":{"line":120,"column":28}},"loc":{"start":{"line":120,"column":35},"end":{"line":122,"column":5}},"line":120}},"branchMap":{"0":{"loc":{"start":{"line":15,"column":46},"end":{"line":15,"column":92}},"type":"cond-expr","locations":[{"start":{"line":15,"column":70},"end":{"line":15,"column":73}},{"start":{"line":15,"column":76},"end":{"line":15,"column":92}}],"line":15},"1":{"loc":{"start":{"line":15,"column":46},"end":{"line":15,"column":67}},"type":"binary-expr","locations":[{"start":{"line":15,"column":46},"end":{"line":15,"column":49}},{"start":{"line":15,"column":53},"end":{"line":15,"column":67}}],"line":15},"2":{"loc":{"start":{"line":67,"column":17},"end":{"line":67,"column":87}},"type":"cond-expr","locations":[{"start":{"line":67,"column":70},"end":{"line":67,"column":82}},{"start":{"line":67,"column":85},"end":{"line":67,"column":87}}],"line":67},"3":{"loc":{"start":{"line":67,"column":17},"end":{"line":67,"column":67}},"type":"binary-expr","locations":[{"start":{"line":67,"column":17},"end":{"line":67,"column":37}},{"start":{"line":67,"column":41},"end":{"line":67,"column":67}}],"line":67},"4":{"loc":{"start":{"line":68,"column":15},"end":{"line":68,"column":85}},"type":"cond-expr","locations":[{"start":{"line":68,"column":68},"end":{"line":68,"column":80}},{"start":{"line":68,"column":83},"end":{"line":68,"column":85}}],"line":68},"5":{"loc":{"start":{"line":68,"column":15},"end":{"line":68,"column":65}},"type":"binary-expr","locations":[{"start":{"line":68,"column":15},"end":{"line":68,"column":35}},{"start":{"line":68,"column":39},"end":{"line":68,"column":65}}],"line":68},"6":{"loc":{"start":{"line":71,"column":17},"end":{"line":71,"column":27}},"type":"binary-expr","locations":[{"start":{"line":71,"column":17},"end":{"line":71,"column":22}},{"start":{"line":71,"column":26},"end":{"line":71,"column":27}}],"line":71},"7":{"loc":{"start":{"line":75,"column":4},"end":{"line":75,"column":133}},"type":"if","locations":[{"start":{"line":75,"column":4},"end":{"line":75,"column":133}},{"start":{"line":75,"column":4},"end":{"line":75,"column":133}}],"line":75},"8":{"loc":{"start":{"line":75,"column":121},"end":{"line":75,"column":131}},"type":"binary-expr","locations":[{"start":{"line":75,"column":121},"end":{"line":75,"column":125}},{"start":{"line":75,"column":129},"end":{"line":75,"column":131}}],"line":75},"9":{"loc":{"start":{"line":86,"column":13},"end":{"line":86,"column":33}},"type":"binary-expr","locations":[{"start":{"line":86,"column":13},"end":{"line":86,"column":27}},{"start":{"line":86,"column":31},"end":{"line":86,"column":33}}],"line":86},"10":{"loc":{"start":{"line":96,"column":13},"end":{"line":96,"column":98}},"type":"cond-expr","locations":[{"start":{"line":96,"column":57},"end":{"line":96,"column":83}},{"start":{"line":96,"column":86},"end":{"line":96,"column":98}}],"line":96},"11":{"loc":{"start":{"line":121,"column":25},"end":{"line":121,"column":40}},"type":"binary-expr","locations":[{"start":{"line":121,"column":25},"end":{"line":121,"column":35}},{"start":{"line":121,"column":39},"end":{"line":121,"column":40}}],"line":121},"12":{"loc":{"start":{"line":121,"column":56},"end":{"line":121,"column":73}},"type":"binary-expr","locations":[{"start":{"line":121,"column":56},"end":{"line":121,"column":67}},{"start":{"line":121,"column":71},"end":{"line":121,"column":73}}],"line":121},"13":{"loc":{"start":{"line":121,"column":75},"end":{"line":121,"column":90}},"type":"binary-expr","locations":[{"start":{"line":121,"column":75},"end":{"line":121,"column":84}},{"start":{"line":121,"column":88},"end":{"line":121,"column":90}}],"line":121}},"s":{"0":1,"1":1,"2":1,"3":1,"4":1,"5":1,"6":3,"7":1,"8":1,"9":1,"10":0,"11":0,"12":0,"13":0,"14":0,"15":0,"16":0,"17":0,"18":0,"19":0,"20":1,"21":0,"22":0,"23":0,"24":0,"25":0,"26":0,"27":0,"28":0,"29":1,"30":1},"f":{"0":3,"1":1,"2":0,"3":0,"4":0,"5":0,"6":0,"7":0,"8":0,"9":0,"10":0},"b":{"0":[3,0],"1":[3,3],"2":[0,0],"3":[0,0],"4":[0,0],"5":[0,0],"6":[0,0],"7":[0,0],"8":[0,0],"9":[0,0],"10":[0,0],"11":[0,0],"12":[0,0],"13":[0,0]},"_coverageSchema":"332fd63041d2c1bcb487cc26dd0d5f7d97098a6c","hash":"6150709c3b6861dea87edced2a943fb90f9e58fd","contentHash":"1d7b7b5c9ebf563318d630455dd5ef77_11.6.0"}}